#! /opt/homebrew/Cellar/icarus-verilog/12.0/bin/vvp
:ivl_version "12.0 (stable)";
:ivl_delay_selection "TYPICAL";
:vpi_time_precision + 0;
:vpi_module "/opt/homebrew/Cellar/icarus-verilog/12.0/lib/ivl/system.vpi";
:vpi_module "/opt/homebrew/Cellar/icarus-verilog/12.0/lib/ivl/vhdl_sys.vpi";
:vpi_module "/opt/homebrew/Cellar/icarus-verilog/12.0/lib/ivl/vhdl_textio.vpi";
:vpi_module "/opt/homebrew/Cellar/icarus-verilog/12.0/lib/ivl/v2005_math.vpi";
:vpi_module "/opt/homebrew/Cellar/icarus-verilog/12.0/lib/ivl/va_math.vpi";
S_0x105028c00 .scope module, "CPU" "CPU" 2 7;
 .timescale 0 0;
    .port_info 0 /INPUT 1 "clk";
    .port_info 1 /INPUT 1 "rst";
P_0x1050287c0 .param/l "DECODE" 1 2 142, +C4<00000000000000000000000000000001>;
P_0x105028800 .param/l "EXECUTE" 1 2 142, +C4<00000000000000000000000000000010>;
P_0x105028840 .param/l "FETCH" 1 2 142, +C4<00000000000000000000000000000000>;
P_0x105028880 .param/l "MEMORY" 1 2 142, +C4<00000000000000000000000000000011>;
P_0x1050288c0 .param/l "MEM_SIZE" 0 2 7, +C4<00000000000000000000010000000000>;
P_0x105028900 .param/l "PC_SIZE" 0 2 7, +C4<00000000000000000000000000100000>;
P_0x105028940 .param/l "WIDTH" 0 2 7, +C4<00000000000000000000000000100000>;
P_0x105028980 .param/l "WRITEBACK" 1 2 142, +C4<00000000000000000000000000000100>;
L_0x600002021dc0 .functor BUFZ 32, L_0x600003a2e300, C4<00000000000000000000000000000000>, C4<00000000000000000000000000000000>, C4<00000000000000000000000000000000>;
L_0x600002021ce0 .functor BUFZ 32, L_0x600003a2e3a0, C4<00000000000000000000000000000000>, C4<00000000000000000000000000000000>, C4<00000000000000000000000000000000>;
v0x6000039213b0_0 .var "A", 31 0;
v0x600003921440_0 .var "ALU_out", 31 0;
v0x6000039214d0_0 .var "B", 31 0;
v0x600003921560_0 .var "IR", 31 0;
v0x6000039215f0_0 .var "Imm1", 15 0;
v0x600003921680_0 .var "Imm2", 22 0;
v0x600003921710_0 .var "Immediate", 31 0;
v0x6000039217a0_0 .var "LMD", 31 0;
v0x600003921830_0 .net "MUXALU1_out", 31 0, L_0x600003a2e300;  1 drivers
v0x6000039218c0_0 .var "MUXALU1_sel", 0 0;
v0x600003921950_0 .net "MUXALU2_out", 31 0, L_0x600003a2e3a0;  1 drivers
v0x6000039219e0_0 .var "MUXALU2_sel", 0 0;
v0x600003921a70_0 .var "NPC", 31 0;
v0x600003921b00_0 .var "PC", 31 0;
v0x600003921b90_0 .var "SP", 31 0;
v0x600003921c20_0 .var "addr_port_1", 3 0;
v0x600003921cb0_0 .var "addr_port_2", 3 0;
v0x600003921d40_0 .var "addr_port_write", 3 0;
v0x600003921dd0_0 .var "alu_op", 3 0;
o0x128040130 .functor BUFZ 1, C4<z>; HiZ drive
v0x600003921e60_0 .net "clk", 0 0, o0x128040130;  0 drivers
v0x600003921ef0_0 .var "cond", 1 0;
v0x600003921f80_0 .net "cond_out", 0 0, L_0x600003a2eda0;  1 drivers
v0x600003922010_0 .var "din_port_write", 31 0;
RS_0x128041660 .resolv tri, v0x60000392b3c0_0, v0x60000392b840_0, v0x60000392bcc0_0, v0x6000039241b0_0, v0x600003924630_0, v0x600003924ab0_0, v0x600003924f30_0, v0x6000039253b0_0, v0x600003925830_0, v0x600003925cb0_0, v0x600003926130_0, v0x6000039265b0_0, v0x600003926a30_0, v0x600003926eb0_0, v0x600003927330_0, v0x6000039277b0_0;
v0x6000039220a0_0 .net8 "dout_port_1", 31 0, RS_0x128041660;  16 drivers
RS_0x128041690 .resolv tri, v0x60000392b450_0, v0x60000392b8d0_0, v0x60000392bd50_0, v0x600003924240_0, v0x6000039246c0_0, v0x600003924b40_0, v0x600003924fc0_0, v0x600003925440_0, v0x6000039258c0_0, v0x600003925d40_0, v0x6000039261c0_0, v0x600003926640_0, v0x600003926ac0_0, v0x600003926f40_0, v0x6000039273c0_0, v0x600003927840_0;
v0x600003922130_0 .net8 "dout_port_2", 31 0, RS_0x128041690;  16 drivers
v0x6000039221c0_0 .var "funct", 4 0;
v0x600003922250_0 .var "funct2", 1 0;
v0x6000039222e0 .array "memory", 1023 0, 31 0;
v0x600003922370_0 .net "op1", 31 0, L_0x600002021dc0;  1 drivers
v0x600003922400_0 .net "op2", 31 0, L_0x600002021ce0;  1 drivers
v0x600003922490_0 .net "opcode", 2 0, L_0x600003a2d2c0;  1 drivers
v0x600003922520_0 .var "rd", 3 0;
v0x6000039225b0_0 .var "read_port_1", 0 0;
v0x600003922640_0 .var "read_port_2", 0 0;
v0x6000039226d0_0 .net "result", 31 0, v0x60000392a250_0;  1 drivers
v0x600003922760_0 .var "rs", 3 0;
o0x1280441e0 .functor BUFZ 1, C4<z>; HiZ drive
v0x6000039227f0_0 .net "rst", 0 0, o0x1280441e0;  0 drivers
v0x600003922880_0 .var "rt", 3 0;
v0x600003922910_0 .var "state", 2 0;
v0x6000039229a0_0 .var "write_port", 0 0;
L_0x600003a2d2c0 .part v0x600003921560_0, 29, 3;
S_0x105004290 .scope module, "DUTALU" "ALUtoplevel" 2 110, 3 14 0, S_0x105028c00;
 .timescale 0 0;
    .port_info 0 /INPUT 1 "clk";
    .port_info 1 /INPUT 32 "op1";
    .port_info 2 /INPUT 32 "op2";
    .port_info 3 /INPUT 4 "alu_op";
    .port_info 4 /OUTPUT 32 "result";
v0x600003929d40_0 .net "add_cout", 0 0, v0x600003928120_0;  1 drivers
v0x600003929dd0_0 .net "add_out", 31 0, v0x600003928240_0;  1 drivers
v0x600003929e60_0 .net "alu_op", 3 0, v0x600003921dd0_0;  1 drivers
v0x600003929ef0_0 .net "and_out", 31 0, v0x600003928480_0;  1 drivers
v0x600003929f80_0 .net "clk", 0 0, o0x128040130;  alias, 0 drivers
v0x60000392a010_0 .net "not_out", 31 0, v0x600003928630_0;  1 drivers
v0x60000392a0a0_0 .net "op1", 31 0, L_0x600002021dc0;  alias, 1 drivers
v0x60000392a130_0 .net "op2", 31 0, L_0x600002021ce0;  alias, 1 drivers
v0x60000392a1c0_0 .net "or_out", 31 0, v0x600003928870_0;  1 drivers
v0x60000392a250_0 .var/i "result", 31 0;
v0x60000392a2e0_0 .net "sla_out", 31 0, v0x600003928ab0_0;  1 drivers
v0x60000392a370_0 .net "sra_out", 31 0, v0x600003928cf0_0;  1 drivers
v0x60000392a400_0 .net "srl_out", 31 0, v0x600003928f30_0;  1 drivers
v0x60000392a490_0 .net "sub_cout", 0 0, v0x6000039295f0_0;  1 drivers
v0x60000392a520_0 .net "sub_out", 31 0, v0x600003929950_0;  1 drivers
v0x60000392a5b0_0 .net "xor_out", 31 0, v0x600003929cb0_0;  1 drivers
S_0x105004400 .scope module, "ADDEROP" "ADDER" 3 50, 4 1 0, S_0x105004290;
 .timescale 0 0;
    .port_info 0 /INPUT 1 "clk";
    .port_info 1 /INPUT 32 "a";
    .port_info 2 /INPUT 32 "op2";
    .port_info 3 /INPUT 1 "cin";
    .port_info 4 /OUTPUT 32 "sum";
    .port_info 5 /OUTPUT 1 "cout";
L_0x600002021f80 .functor BUFZ 32, L_0x600002021ce0, C4<00000000000000000000000000000000>, C4<00000000000000000000000000000000>, C4<00000000000000000000000000000000>;
v0x60000392fcc0_0 .var "G", 31 0;
v0x60000392fd50_0 .var "P", 31 0;
v0x60000392fde0_0 .net "a", 31 0, L_0x600002021dc0;  alias, 1 drivers
v0x60000392fe70_0 .net "b", 31 0, L_0x600002021f80;  1 drivers
v0x60000392ff00_0 .var "carry", 32 0;
L_0x128078010 .functor BUFT 1, C4<0>, C4<0>, C4<0>, C4<0>;
v0x600003928000_0 .net "cin", 0 0, L_0x128078010;  1 drivers
v0x600003928090_0 .net "clk", 0 0, o0x128040130;  alias, 0 drivers
v0x600003928120_0 .var "cout", 0 0;
v0x6000039281b0_0 .net "op2", 31 0, L_0x600002021ce0;  alias, 1 drivers
v0x600003928240_0 .var "sum", 31 0;
E_0x600001e04380/0 .event anyedge, v0x60000392fde0_0, v0x60000392fe70_0, v0x600003928000_0, v0x60000392fcc0_0;
E_0x600001e04380/1 .event anyedge, v0x60000392fd50_0, v0x60000392ff00_0;
E_0x600001e04380 .event/or E_0x600001e04380/0, E_0x600001e04380/1;
S_0x105004980 .scope module, "ANDOP" "AND" 3 43, 5 1 0, S_0x105004290;
 .timescale 0 0;
    .port_info 0 /INPUT 1 "clk";
    .port_info 1 /INPUT 32 "op1";
    .port_info 2 /INPUT 32 "op2";
    .port_info 3 /OUTPUT 32 "result";
v0x6000039282d0_0 .net "clk", 0 0, o0x128040130;  alias, 0 drivers
v0x600003928360_0 .net "op1", 31 0, L_0x600002021dc0;  alias, 1 drivers
v0x6000039283f0_0 .net "op2", 31 0, L_0x600002021ce0;  alias, 1 drivers
v0x600003928480_0 .var/i "result", 31 0;
E_0x600001e043c0 .event posedge, v0x600003928090_0;
S_0x105004af0 .scope module, "NOTOP" "NOT" 3 46, 6 1 0, S_0x105004290;
 .timescale 0 0;
    .port_info 0 /INPUT 1 "clk";
    .port_info 1 /INPUT 32 "op1";
    .port_info 2 /OUTPUT 32 "result";
v0x600003928510_0 .net "clk", 0 0, o0x128040130;  alias, 0 drivers
v0x6000039285a0_0 .net "op1", 31 0, L_0x600002021dc0;  alias, 1 drivers
v0x600003928630_0 .var/i "result", 31 0;
S_0x105005d80 .scope module, "OROP" "OR" 3 44, 7 1 0, S_0x105004290;
 .timescale 0 0;
    .port_info 0 /INPUT 1 "clk";
    .port_info 1 /INPUT 32 "op1";
    .port_info 2 /INPUT 32 "op2";
    .port_info 3 /OUTPUT 32 "result";
v0x6000039286c0_0 .net "clk", 0 0, o0x128040130;  alias, 0 drivers
v0x600003928750_0 .net "op1", 31 0, L_0x600002021dc0;  alias, 1 drivers
v0x6000039287e0_0 .net "op2", 31 0, L_0x600002021ce0;  alias, 1 drivers
v0x600003928870_0 .var/i "result", 31 0;
S_0x105005ef0 .scope module, "SLAOP" "SLA" 3 47, 8 1 0, S_0x105004290;
 .timescale 0 0;
    .port_info 0 /INPUT 1 "clk";
    .port_info 1 /INPUT 32 "op1";
    .port_info 2 /INPUT 32 "op2";
    .port_info 3 /OUTPUT 32 "result";
v0x600003928900_0 .net "clk", 0 0, o0x128040130;  alias, 0 drivers
v0x600003928990_0 .net "op1", 31 0, L_0x600002021dc0;  alias, 1 drivers
v0x600003928a20_0 .net "op2", 31 0, L_0x600002021ce0;  alias, 1 drivers
v0x600003928ab0_0 .var/i "result", 31 0;
S_0x1050080a0 .scope module, "SRAOP" "SRA" 3 48, 9 1 0, S_0x105004290;
 .timescale 0 0;
    .port_info 0 /INPUT 1 "clk";
    .port_info 1 /INPUT 32 "op1";
    .port_info 2 /INPUT 32 "op2";
    .port_info 3 /OUTPUT 32 "result";
v0x600003928b40_0 .net "clk", 0 0, o0x128040130;  alias, 0 drivers
v0x600003928bd0_0 .net "op1", 31 0, L_0x600002021dc0;  alias, 1 drivers
v0x600003928c60_0 .net "op2", 31 0, L_0x600002021ce0;  alias, 1 drivers
v0x600003928cf0_0 .var/i "result", 31 0;
S_0x105008210 .scope module, "SRLOP" "SRL" 3 49, 10 1 0, S_0x105004290;
 .timescale 0 0;
    .port_info 0 /INPUT 1 "clk";
    .port_info 1 /INPUT 32 "op1";
    .port_info 2 /INPUT 32 "op2";
    .port_info 3 /OUTPUT 32 "result";
v0x600003928d80_0 .net "clk", 0 0, o0x128040130;  alias, 0 drivers
v0x600003928e10_0 .net "op1", 31 0, L_0x600002021dc0;  alias, 1 drivers
v0x600003928ea0_0 .net "op2", 31 0, L_0x600002021ce0;  alias, 1 drivers
v0x600003928f30_0 .var/i "result", 31 0;
S_0x105007370 .scope module, "SUBTRACTOROP" "SUBTRACTOR" 3 51, 11 3 0, S_0x105004290;
 .timescale 0 0;
    .port_info 0 /INPUT 1 "clk";
    .port_info 1 /INPUT 32 "a";
    .port_info 2 /INPUT 32 "op2";
    .port_info 3 /OUTPUT 32 "diff";
    .port_info 4 /OUTPUT 1 "Cout";
L_0x600002021f10 .functor BUFZ 32, L_0x600002021ce0, C4<00000000000000000000000000000000>, C4<00000000000000000000000000000000>, C4<00000000000000000000000000000000>;
v0x6000039295f0_0 .var "Cout", 0 0;
v0x600003929680_0 .net "a", 31 0, L_0x600002021dc0;  alias, 1 drivers
v0x600003929710_0 .net "b", 31 0, L_0x600002021f10;  1 drivers
v0x6000039297a0_0 .var "b_2comp", 31 0;
v0x600003929830_0 .net "clk", 0 0, o0x128040130;  alias, 0 drivers
v0x6000039298c0_0 .net "cout", 0 0, v0x600003929440_0;  1 drivers
v0x600003929950_0 .var "diff", 31 0;
v0x6000039299e0_0 .net "op2", 31 0, L_0x600002021ce0;  alias, 1 drivers
v0x600003929a70_0 .net "temp_diff", 31 0, v0x600003929560_0;  1 drivers
E_0x600001e04480 .event anyedge, v0x600003929710_0, v0x600003929560_0, v0x600003929440_0;
S_0x1050074e0 .scope module, "DIFF" "ADDER" 11 27, 4 1 0, S_0x105007370;
 .timescale 0 0;
    .port_info 0 /INPUT 1 "clk";
    .port_info 1 /INPUT 32 "a";
    .port_info 2 /INPUT 32 "op2";
    .port_info 3 /INPUT 1 "cin";
    .port_info 4 /OUTPUT 32 "sum";
    .port_info 5 /OUTPUT 1 "cout";
L_0x600002021ea0 .functor BUFZ 32, v0x6000039297a0_0, C4<00000000000000000000000000000000>, C4<00000000000000000000000000000000>, C4<00000000000000000000000000000000>;
v0x600003929050_0 .var "G", 31 0;
v0x6000039290e0_0 .var "P", 31 0;
v0x600003929170_0 .net "a", 31 0, L_0x600002021dc0;  alias, 1 drivers
v0x600003929200_0 .net "b", 31 0, L_0x600002021ea0;  1 drivers
v0x600003929290_0 .var "carry", 32 0;
L_0x128078058 .functor BUFT 1, C4<0>, C4<0>, C4<0>, C4<0>;
v0x600003929320_0 .net "cin", 0 0, L_0x128078058;  1 drivers
v0x6000039293b0_0 .net "clk", 0 0, o0x128040130;  alias, 0 drivers
v0x600003929440_0 .var "cout", 0 0;
v0x6000039294d0_0 .net "op2", 31 0, v0x6000039297a0_0;  1 drivers
v0x600003929560_0 .var "sum", 31 0;
E_0x600001e04440/0 .event anyedge, v0x60000392fde0_0, v0x600003929200_0, v0x600003929320_0, v0x600003929050_0;
E_0x600001e04440/1 .event anyedge, v0x6000039290e0_0, v0x600003929290_0;
E_0x600001e04440 .event/or E_0x600001e04440/0, E_0x600001e04440/1;
S_0x105006c80 .scope module, "XOROP" "XOR" 3 45, 12 1 0, S_0x105004290;
 .timescale 0 0;
    .port_info 0 /INPUT 1 "clk";
    .port_info 1 /INPUT 32 "op1";
    .port_info 2 /INPUT 32 "op2";
    .port_info 3 /OUTPUT 32 "result";
v0x600003929b00_0 .net "clk", 0 0, o0x128040130;  alias, 0 drivers
v0x600003929b90_0 .net "op1", 31 0, L_0x600002021dc0;  alias, 1 drivers
v0x600003929c20_0 .net "op2", 31 0, L_0x600002021ce0;  alias, 1 drivers
v0x600003929cb0_0 .var/i "result", 31 0;
S_0x105006df0 .scope module, "MUXALU1" "MUX_2x1" 2 121, 13 1 0, S_0x105028c00;
 .timescale 0 0;
    .port_info 0 /INPUT 1 "select";
    .port_info 1 /INPUT 32 "in0";
    .port_info 2 /INPUT 32 "in1";
    .port_info 3 /OUTPUT 32 "out";
P_0x600001e044c0 .param/l "WIDTH" 0 13 1, +C4<00000000000000000000000000100000>;
L_0x1280780a0 .functor BUFT 1, C4<0>, C4<0>, C4<0>, C4<0>;
L_0x600002021e30 .functor XNOR 1, v0x6000039218c0_0, L_0x1280780a0, C4<0>, C4<0>;
v0x60000392a640_0 .net/2u *"_ivl_0", 0 0, L_0x1280780a0;  1 drivers
v0x60000392a6d0_0 .net *"_ivl_2", 0 0, L_0x600002021e30;  1 drivers
v0x60000392a760_0 .net "in0", 31 0, v0x6000039213b0_0;  1 drivers
v0x60000392a7f0_0 .net "in1", 31 0, v0x600003921b00_0;  1 drivers
v0x60000392a880_0 .net "out", 31 0, L_0x600003a2e300;  alias, 1 drivers
v0x60000392a910_0 .net "select", 0 0, v0x6000039218c0_0;  1 drivers
L_0x600003a2e300 .functor MUXZ 32, v0x600003921b00_0, v0x6000039213b0_0, L_0x600002021e30, C4<>;
S_0x105006780 .scope module, "MUXALU2" "MUX_2x1" 2 129, 13 1 0, S_0x105028c00;
 .timescale 0 0;
    .port_info 0 /INPUT 1 "select";
    .port_info 1 /INPUT 32 "in0";
    .port_info 2 /INPUT 32 "in1";
    .port_info 3 /OUTPUT 32 "out";
P_0x600001e04540 .param/l "WIDTH" 0 13 1, +C4<00000000000000000000000000100000>;
L_0x1280780e8 .functor BUFT 1, C4<0>, C4<0>, C4<0>, C4<0>;
L_0x600002021d50 .functor XNOR 1, v0x6000039219e0_0, L_0x1280780e8, C4<0>, C4<0>;
v0x60000392a9a0_0 .net/2u *"_ivl_0", 0 0, L_0x1280780e8;  1 drivers
v0x60000392aa30_0 .net *"_ivl_2", 0 0, L_0x600002021d50;  1 drivers
v0x60000392aac0_0 .net "in0", 31 0, v0x6000039214d0_0;  1 drivers
v0x60000392ab50_0 .net "in1", 31 0, v0x600003921710_0;  1 drivers
v0x60000392abe0_0 .net "out", 31 0, L_0x600003a2e3a0;  alias, 1 drivers
v0x60000392ac70_0 .net "select", 0 0, v0x6000039219e0_0;  1 drivers
L_0x600003a2e3a0 .functor MUXZ 32, v0x600003921710_0, v0x6000039214d0_0, L_0x600002021d50, C4<>;
S_0x1050068f0 .scope module, "RB" "register_bank" 2 101, 14 60 0, S_0x105028c00;
 .timescale 0 0;
    .port_info 0 /INPUT 1 "clk";
    .port_info 1 /INPUT 1 "read_port_1";
    .port_info 2 /INPUT 1 "read_port_2";
    .port_info 3 /INPUT 1 "write_port";
    .port_info 4 /INPUT 4 "addr_port_1";
    .port_info 5 /INPUT 4 "addr_port_2";
    .port_info 6 /INPUT 4 "addr_port_write";
    .port_info 7 /INPUT 32 "din_port_write";
    .port_info 8 /OUTPUT 32 "dout_port_1";
    .port_info 9 /OUTPUT 32 "dout_port_2";
P_0x60000253ed00 .param/l "ADDR_WIDTH" 0 14 60, +C4<00000000000000000000000000000100>;
P_0x60000253ed40 .param/l "WIDTH" 0 14 60, +C4<00000000000000000000000000100000>;
v0x600003927a80_0 .net "addr_port_1", 3 0, v0x600003921c20_0;  1 drivers
v0x600003927b10_0 .net "addr_port_2", 3 0, v0x600003921cb0_0;  1 drivers
v0x600003927ba0_0 .net "addr_port_write", 3 0, v0x600003921d40_0;  1 drivers
v0x600003927c30_0 .net "clk", 0 0, o0x128040130;  alias, 0 drivers
v0x600003927cc0_0 .net "din_port_write", 31 0, v0x600003922010_0;  1 drivers
v0x600003927d50_0 .net8 "dout_port_1", 31 0, RS_0x128041660;  alias, 16 drivers
v0x600003927de0_0 .net8 "dout_port_2", 31 0, RS_0x128041690;  alias, 16 drivers
v0x600003927e70_0 .net "read_port_1", 0 0, v0x6000039225b0_0;  1 drivers
v0x600003927f00_0 .net "read_port_2", 0 0, v0x600003922640_0;  1 drivers
v0x600003920000_0 .net "rin", 15 0, v0x60000392b180_0;  1 drivers
v0x600003920090_0 .net "rout1", 15 0, v0x60000392ae20_0;  1 drivers
v0x600003920120_0 .net "rout2", 15 0, v0x60000392afd0_0;  1 drivers
v0x6000039201b0_0 .net "write_port", 0 0, v0x6000039229a0_0;  1 drivers
L_0x600003a2c780 .part v0x60000392b180_0, 0, 1;
L_0x600003a2c6e0 .part v0x60000392ae20_0, 0, 1;
L_0x600003a2c640 .part v0x60000392afd0_0, 0, 1;
L_0x600003a2c5a0 .part v0x60000392b180_0, 1, 1;
L_0x600003a2c500 .part v0x60000392ae20_0, 1, 1;
L_0x600003a2c460 .part v0x60000392afd0_0, 1, 1;
L_0x600003a2c3c0 .part v0x60000392b180_0, 2, 1;
L_0x600003a2c320 .part v0x60000392ae20_0, 2, 1;
L_0x600003a2cb40 .part v0x60000392afd0_0, 2, 1;
L_0x600003a2caa0 .part v0x60000392b180_0, 3, 1;
L_0x600003a2ca00 .part v0x60000392ae20_0, 3, 1;
L_0x600003a2c960 .part v0x60000392afd0_0, 3, 1;
L_0x600003a2c8c0 .part v0x60000392b180_0, 4, 1;
L_0x600003a2c820 .part v0x60000392ae20_0, 4, 1;
L_0x600003a2c280 .part v0x60000392afd0_0, 4, 1;
L_0x600003a2c1e0 .part v0x60000392b180_0, 5, 1;
L_0x600003a2d220 .part v0x60000392ae20_0, 5, 1;
L_0x600003a2cd20 .part v0x60000392afd0_0, 5, 1;
L_0x600003a2cfa0 .part v0x60000392b180_0, 6, 1;
L_0x600003a2ce60 .part v0x60000392ae20_0, 6, 1;
L_0x600003a2cc80 .part v0x60000392afd0_0, 6, 1;
L_0x600003a2cf00 .part v0x60000392b180_0, 7, 1;
L_0x600003a2cdc0 .part v0x60000392ae20_0, 7, 1;
L_0x600003a2d360 .part v0x60000392afd0_0, 7, 1;
L_0x600003a2d400 .part v0x60000392b180_0, 8, 1;
L_0x600003a2d4a0 .part v0x60000392ae20_0, 8, 1;
L_0x600003a2d540 .part v0x60000392afd0_0, 8, 1;
L_0x600003a2d5e0 .part v0x60000392b180_0, 9, 1;
L_0x600003a2d680 .part v0x60000392ae20_0, 9, 1;
L_0x600003a2d720 .part v0x60000392afd0_0, 9, 1;
L_0x600003a2d7c0 .part v0x60000392b180_0, 10, 1;
L_0x600003a2d860 .part v0x60000392ae20_0, 10, 1;
L_0x600003a2d900 .part v0x60000392afd0_0, 10, 1;
L_0x600003a2d9a0 .part v0x60000392b180_0, 11, 1;
L_0x600003a2da40 .part v0x60000392ae20_0, 11, 1;
L_0x600003a2dae0 .part v0x60000392afd0_0, 11, 1;
L_0x600003a2db80 .part v0x60000392b180_0, 12, 1;
L_0x600003a2dc20 .part v0x60000392ae20_0, 12, 1;
L_0x600003a2dcc0 .part v0x60000392afd0_0, 12, 1;
L_0x600003a2dd60 .part v0x60000392b180_0, 13, 1;
L_0x600003a2de00 .part v0x60000392ae20_0, 13, 1;
L_0x600003a2dea0 .part v0x60000392afd0_0, 13, 1;
L_0x600003a2df40 .part v0x60000392b180_0, 14, 1;
L_0x600003a2dfe0 .part v0x60000392ae20_0, 14, 1;
L_0x600003a2e080 .part v0x60000392afd0_0, 14, 1;
L_0x600003a2e120 .part v0x60000392b180_0, 15, 1;
L_0x600003a2e1c0 .part v0x60000392ae20_0, 15, 1;
L_0x600003a2e260 .part v0x60000392afd0_0, 15, 1;
S_0x105005880 .scope module, "D1" "addr_decoder_5x32" 14 71, 14 26 0, S_0x1050068f0;
 .timescale 0 0;
    .port_info 0 /INPUT 1 "en";
    .port_info 1 /INPUT 4 "in";
    .port_info 2 /OUTPUT 16 "out";
v0x60000392ad00_0 .net "en", 0 0, v0x6000039225b0_0;  alias, 1 drivers
v0x60000392ad90_0 .net "in", 3 0, v0x600003921c20_0;  alias, 1 drivers
v0x60000392ae20_0 .var "out", 15 0;
E_0x600001e04680 .event anyedge, v0x60000392ad00_0, v0x60000392ad90_0;
S_0x1050059f0 .scope module, "D2" "addr_decoder_5x32" 14 72, 14 26 0, S_0x1050068f0;
 .timescale 0 0;
    .port_info 0 /INPUT 1 "en";
    .port_info 1 /INPUT 4 "in";
    .port_info 2 /OUTPUT 16 "out";
v0x60000392aeb0_0 .net "en", 0 0, v0x600003922640_0;  alias, 1 drivers
v0x60000392af40_0 .net "in", 3 0, v0x600003921cb0_0;  alias, 1 drivers
v0x60000392afd0_0 .var "out", 15 0;
E_0x600001e046c0 .event anyedge, v0x60000392aeb0_0, v0x60000392af40_0;
S_0x105006280 .scope module, "D3" "addr_decoder_5x32" 14 73, 14 26 0, S_0x1050068f0;
 .timescale 0 0;
    .port_info 0 /INPUT 1 "en";
    .port_info 1 /INPUT 4 "in";
    .port_info 2 /OUTPUT 16 "out";
v0x60000392b060_0 .net "en", 0 0, v0x6000039229a0_0;  alias, 1 drivers
v0x60000392b0f0_0 .net "in", 3 0, v0x600003921d40_0;  alias, 1 drivers
v0x60000392b180_0 .var "out", 15 0;
E_0x600001e04700 .event anyedge, v0x60000392b060_0, v0x60000392b0f0_0;
S_0x1050063f0 .scope module, "R0" "register" 14 75, 14 1 0, S_0x1050068f0;
 .timescale 0 0;
    .port_info 0 /INPUT 1 "clk";
    .port_info 1 /INPUT 1 "rin";
    .port_info 2 /INPUT 1 "rout1";
    .port_info 3 /INPUT 1 "rout2";
    .port_info 4 /INPUT 32 "din";
    .port_info 5 /OUTPUT 32 "dout1";
    .port_info 6 /OUTPUT 32 "dout2";
P_0x600001e04740 .param/l "WIDTH" 0 14 1, +C4<00000000000000000000000000100000>;
v0x60000392b210_0 .net "clk", 0 0, o0x128040130;  alias, 0 drivers
v0x60000392b2a0_0 .var "data", 31 0;
v0x60000392b330_0 .net "din", 31 0, v0x600003922010_0;  alias, 1 drivers
v0x60000392b3c0_0 .var "dout1", 31 0;
v0x60000392b450_0 .var "dout2", 31 0;
v0x60000392b4e0_0 .net "rin", 0 0, L_0x600003a2c780;  1 drivers
v0x60000392b570_0 .net "rout1", 0 0, L_0x600003a2c6e0;  1 drivers
v0x60000392b600_0 .net "rout2", 0 0, L_0x600003a2c640;  1 drivers
S_0x1050085a0 .scope module, "R1" "register" 14 76, 14 1 0, S_0x1050068f0;
 .timescale 0 0;
    .port_info 0 /INPUT 1 "clk";
    .port_info 1 /INPUT 1 "rin";
    .port_info 2 /INPUT 1 "rout1";
    .port_info 3 /INPUT 1 "rout2";
    .port_info 4 /INPUT 32 "din";
    .port_info 5 /OUTPUT 32 "dout1";
    .port_info 6 /OUTPUT 32 "dout2";
P_0x600001e04880 .param/l "WIDTH" 0 14 1, +C4<00000000000000000000000000100000>;
v0x60000392b690_0 .net "clk", 0 0, o0x128040130;  alias, 0 drivers
v0x60000392b720_0 .var "data", 31 0;
v0x60000392b7b0_0 .net "din", 31 0, v0x600003922010_0;  alias, 1 drivers
v0x60000392b840_0 .var "dout1", 31 0;
v0x60000392b8d0_0 .var "dout2", 31 0;
v0x60000392b960_0 .net "rin", 0 0, L_0x600003a2c5a0;  1 drivers
v0x60000392b9f0_0 .net "rout1", 0 0, L_0x600003a2c500;  1 drivers
v0x60000392ba80_0 .net "rout2", 0 0, L_0x600003a2c460;  1 drivers
S_0x105008710 .scope module, "R10" "register" 14 85, 14 1 0, S_0x1050068f0;
 .timescale 0 0;
    .port_info 0 /INPUT 1 "clk";
    .port_info 1 /INPUT 1 "rin";
    .port_info 2 /INPUT 1 "rout1";
    .port_info 3 /INPUT 1 "rout2";
    .port_info 4 /INPUT 32 "din";
    .port_info 5 /OUTPUT 32 "dout1";
    .port_info 6 /OUTPUT 32 "dout2";
P_0x600001e04900 .param/l "WIDTH" 0 14 1, +C4<00000000000000000000000000100000>;
v0x60000392bb10_0 .net "clk", 0 0, o0x128040130;  alias, 0 drivers
v0x60000392bba0_0 .var "data", 31 0;
v0x60000392bc30_0 .net "din", 31 0, v0x600003922010_0;  alias, 1 drivers
v0x60000392bcc0_0 .var "dout1", 31 0;
v0x60000392bd50_0 .var "dout2", 31 0;
v0x60000392bde0_0 .net "rin", 0 0, L_0x600003a2d7c0;  1 drivers
v0x60000392be70_0 .net "rout1", 0 0, L_0x600003a2d860;  1 drivers
v0x60000392bf00_0 .net "rout2", 0 0, L_0x600003a2d900;  1 drivers
S_0x105007870 .scope module, "R11" "register" 14 86, 14 1 0, S_0x1050068f0;
 .timescale 0 0;
    .port_info 0 /INPUT 1 "clk";
    .port_info 1 /INPUT 1 "rin";
    .port_info 2 /INPUT 1 "rout1";
    .port_info 3 /INPUT 1 "rout2";
    .port_info 4 /INPUT 32 "din";
    .port_info 5 /OUTPUT 32 "dout1";
    .port_info 6 /OUTPUT 32 "dout2";
P_0x600001e04a00 .param/l "WIDTH" 0 14 1, +C4<00000000000000000000000000100000>;
v0x600003924000_0 .net "clk", 0 0, o0x128040130;  alias, 0 drivers
v0x600003924090_0 .var "data", 31 0;
v0x600003924120_0 .net "din", 31 0, v0x600003922010_0;  alias, 1 drivers
v0x6000039241b0_0 .var "dout1", 31 0;
v0x600003924240_0 .var "dout2", 31 0;
v0x6000039242d0_0 .net "rin", 0 0, L_0x600003a2d9a0;  1 drivers
v0x600003924360_0 .net "rout1", 0 0, L_0x600003a2da40;  1 drivers
v0x6000039243f0_0 .net "rout2", 0 0, L_0x600003a2dae0;  1 drivers
S_0x1050079e0 .scope module, "R12" "register" 14 87, 14 1 0, S_0x1050068f0;
 .timescale 0 0;
    .port_info 0 /INPUT 1 "clk";
    .port_info 1 /INPUT 1 "rin";
    .port_info 2 /INPUT 1 "rout1";
    .port_info 3 /INPUT 1 "rout2";
    .port_info 4 /INPUT 32 "din";
    .port_info 5 /OUTPUT 32 "dout1";
    .port_info 6 /OUTPUT 32 "dout2";
P_0x600001e04bc0 .param/l "WIDTH" 0 14 1, +C4<00000000000000000000000000100000>;
v0x600003924480_0 .net "clk", 0 0, o0x128040130;  alias, 0 drivers
v0x600003924510_0 .var "data", 31 0;
v0x6000039245a0_0 .net "din", 31 0, v0x600003922010_0;  alias, 1 drivers
v0x600003924630_0 .var "dout1", 31 0;
v0x6000039246c0_0 .var "dout2", 31 0;
v0x600003924750_0 .net "rin", 0 0, L_0x600003a2db80;  1 drivers
v0x6000039247e0_0 .net "rout1", 0 0, L_0x600003a2dc20;  1 drivers
v0x600003924870_0 .net "rout2", 0 0, L_0x600003a2dcc0;  1 drivers
S_0x105024c40 .scope module, "R13" "register" 14 88, 14 1 0, S_0x1050068f0;
 .timescale 0 0;
    .port_info 0 /INPUT 1 "clk";
    .port_info 1 /INPUT 1 "rin";
    .port_info 2 /INPUT 1 "rout1";
    .port_info 3 /INPUT 1 "rout2";
    .port_info 4 /INPUT 32 "din";
    .port_info 5 /OUTPUT 32 "dout1";
    .port_info 6 /OUTPUT 32 "dout2";
P_0x600001e047c0 .param/l "WIDTH" 0 14 1, +C4<00000000000000000000000000100000>;
v0x600003924900_0 .net "clk", 0 0, o0x128040130;  alias, 0 drivers
v0x600003924990_0 .var "data", 31 0;
v0x600003924a20_0 .net "din", 31 0, v0x600003922010_0;  alias, 1 drivers
v0x600003924ab0_0 .var "dout1", 31 0;
v0x600003924b40_0 .var "dout2", 31 0;
v0x600003924bd0_0 .net "rin", 0 0, L_0x600003a2dd60;  1 drivers
v0x600003924c60_0 .net "rout1", 0 0, L_0x600003a2de00;  1 drivers
v0x600003924cf0_0 .net "rout2", 0 0, L_0x600003a2dea0;  1 drivers
S_0x105024fb0 .scope module, "R14" "register" 14 89, 14 1 0, S_0x1050068f0;
 .timescale 0 0;
    .port_info 0 /INPUT 1 "clk";
    .port_info 1 /INPUT 1 "rin";
    .port_info 2 /INPUT 1 "rout1";
    .port_info 3 /INPUT 1 "rout2";
    .port_info 4 /INPUT 32 "din";
    .port_info 5 /OUTPUT 32 "dout1";
    .port_info 6 /OUTPUT 32 "dout2";
P_0x600001e04a40 .param/l "WIDTH" 0 14 1, +C4<00000000000000000000000000100000>;
v0x600003924d80_0 .net "clk", 0 0, o0x128040130;  alias, 0 drivers
v0x600003924e10_0 .var "data", 31 0;
v0x600003924ea0_0 .net "din", 31 0, v0x600003922010_0;  alias, 1 drivers
v0x600003924f30_0 .var "dout1", 31 0;
v0x600003924fc0_0 .var "dout2", 31 0;
v0x600003925050_0 .net "rin", 0 0, L_0x600003a2df40;  1 drivers
v0x6000039250e0_0 .net "rout1", 0 0, L_0x600003a2dfe0;  1 drivers
v0x600003925170_0 .net "rout2", 0 0, L_0x600003a2e080;  1 drivers
S_0x105025120 .scope module, "R15" "register" 14 90, 14 1 0, S_0x1050068f0;
 .timescale 0 0;
    .port_info 0 /INPUT 1 "clk";
    .port_info 1 /INPUT 1 "rin";
    .port_info 2 /INPUT 1 "rout1";
    .port_info 3 /INPUT 1 "rout2";
    .port_info 4 /INPUT 32 "din";
    .port_info 5 /OUTPUT 32 "dout1";
    .port_info 6 /OUTPUT 32 "dout2";
P_0x600001e04dc0 .param/l "WIDTH" 0 14 1, +C4<00000000000000000000000000100000>;
v0x600003925200_0 .net "clk", 0 0, o0x128040130;  alias, 0 drivers
v0x600003925290_0 .var "data", 31 0;
v0x600003925320_0 .net "din", 31 0, v0x600003922010_0;  alias, 1 drivers
v0x6000039253b0_0 .var "dout1", 31 0;
v0x600003925440_0 .var "dout2", 31 0;
v0x6000039254d0_0 .net "rin", 0 0, L_0x600003a2e120;  1 drivers
v0x600003925560_0 .net "rout1", 0 0, L_0x600003a2e1c0;  1 drivers
v0x6000039255f0_0 .net "rout2", 0 0, L_0x600003a2e260;  1 drivers
S_0x105025290 .scope module, "R2" "register" 14 77, 14 1 0, S_0x1050068f0;
 .timescale 0 0;
    .port_info 0 /INPUT 1 "clk";
    .port_info 1 /INPUT 1 "rin";
    .port_info 2 /INPUT 1 "rout1";
    .port_info 3 /INPUT 1 "rout2";
    .port_info 4 /INPUT 32 "din";
    .port_info 5 /OUTPUT 32 "dout1";
    .port_info 6 /OUTPUT 32 "dout2";
P_0x600001e04ec0 .param/l "WIDTH" 0 14 1, +C4<00000000000000000000000000100000>;
v0x600003925680_0 .net "clk", 0 0, o0x128040130;  alias, 0 drivers
v0x600003925710_0 .var "data", 31 0;
v0x6000039257a0_0 .net "din", 31 0, v0x600003922010_0;  alias, 1 drivers
v0x600003925830_0 .var "dout1", 31 0;
v0x6000039258c0_0 .var "dout2", 31 0;
v0x600003925950_0 .net "rin", 0 0, L_0x600003a2c3c0;  1 drivers
v0x6000039259e0_0 .net "rout1", 0 0, L_0x600003a2c320;  1 drivers
v0x600003925a70_0 .net "rout2", 0 0, L_0x600003a2cb40;  1 drivers
S_0x105025400 .scope module, "R3" "register" 14 78, 14 1 0, S_0x1050068f0;
 .timescale 0 0;
    .port_info 0 /INPUT 1 "clk";
    .port_info 1 /INPUT 1 "rin";
    .port_info 2 /INPUT 1 "rout1";
    .port_info 3 /INPUT 1 "rout2";
    .port_info 4 /INPUT 32 "din";
    .port_info 5 /OUTPUT 32 "dout1";
    .port_info 6 /OUTPUT 32 "dout2";
P_0x600001e04fc0 .param/l "WIDTH" 0 14 1, +C4<00000000000000000000000000100000>;
v0x600003925b00_0 .net "clk", 0 0, o0x128040130;  alias, 0 drivers
v0x600003925b90_0 .var "data", 31 0;
v0x600003925c20_0 .net "din", 31 0, v0x600003922010_0;  alias, 1 drivers
v0x600003925cb0_0 .var "dout1", 31 0;
v0x600003925d40_0 .var "dout2", 31 0;
v0x600003925dd0_0 .net "rin", 0 0, L_0x600003a2caa0;  1 drivers
v0x600003925e60_0 .net "rout1", 0 0, L_0x600003a2ca00;  1 drivers
v0x600003925ef0_0 .net "rout2", 0 0, L_0x600003a2c960;  1 drivers
S_0x105025570 .scope module, "R4" "register" 14 79, 14 1 0, S_0x1050068f0;
 .timescale 0 0;
    .port_info 0 /INPUT 1 "clk";
    .port_info 1 /INPUT 1 "rin";
    .port_info 2 /INPUT 1 "rout1";
    .port_info 3 /INPUT 1 "rout2";
    .port_info 4 /INPUT 32 "din";
    .port_info 5 /OUTPUT 32 "dout1";
    .port_info 6 /OUTPUT 32 "dout2";
P_0x600001e050c0 .param/l "WIDTH" 0 14 1, +C4<00000000000000000000000000100000>;
v0x600003925f80_0 .net "clk", 0 0, o0x128040130;  alias, 0 drivers
v0x600003926010_0 .var "data", 31 0;
v0x6000039260a0_0 .net "din", 31 0, v0x600003922010_0;  alias, 1 drivers
v0x600003926130_0 .var "dout1", 31 0;
v0x6000039261c0_0 .var "dout2", 31 0;
v0x600003926250_0 .net "rin", 0 0, L_0x600003a2c8c0;  1 drivers
v0x6000039262e0_0 .net "rout1", 0 0, L_0x600003a2c820;  1 drivers
v0x600003926370_0 .net "rout2", 0 0, L_0x600003a2c280;  1 drivers
S_0x1050256e0 .scope module, "R5" "register" 14 80, 14 1 0, S_0x1050068f0;
 .timescale 0 0;
    .port_info 0 /INPUT 1 "clk";
    .port_info 1 /INPUT 1 "rin";
    .port_info 2 /INPUT 1 "rout1";
    .port_info 3 /INPUT 1 "rout2";
    .port_info 4 /INPUT 32 "din";
    .port_info 5 /OUTPUT 32 "dout1";
    .port_info 6 /OUTPUT 32 "dout2";
P_0x600001e051c0 .param/l "WIDTH" 0 14 1, +C4<00000000000000000000000000100000>;
v0x600003926400_0 .net "clk", 0 0, o0x128040130;  alias, 0 drivers
v0x600003926490_0 .var "data", 31 0;
v0x600003926520_0 .net "din", 31 0, v0x600003922010_0;  alias, 1 drivers
v0x6000039265b0_0 .var "dout1", 31 0;
v0x600003926640_0 .var "dout2", 31 0;
v0x6000039266d0_0 .net "rin", 0 0, L_0x600003a2c1e0;  1 drivers
v0x600003926760_0 .net "rout1", 0 0, L_0x600003a2d220;  1 drivers
v0x6000039267f0_0 .net "rout2", 0 0, L_0x600003a2cd20;  1 drivers
S_0x105025850 .scope module, "R6" "register" 14 81, 14 1 0, S_0x1050068f0;
 .timescale 0 0;
    .port_info 0 /INPUT 1 "clk";
    .port_info 1 /INPUT 1 "rin";
    .port_info 2 /INPUT 1 "rout1";
    .port_info 3 /INPUT 1 "rout2";
    .port_info 4 /INPUT 32 "din";
    .port_info 5 /OUTPUT 32 "dout1";
    .port_info 6 /OUTPUT 32 "dout2";
P_0x600001e052c0 .param/l "WIDTH" 0 14 1, +C4<00000000000000000000000000100000>;
v0x600003926880_0 .net "clk", 0 0, o0x128040130;  alias, 0 drivers
v0x600003926910_0 .var "data", 31 0;
v0x6000039269a0_0 .net "din", 31 0, v0x600003922010_0;  alias, 1 drivers
v0x600003926a30_0 .var "dout1", 31 0;
v0x600003926ac0_0 .var "dout2", 31 0;
v0x600003926b50_0 .net "rin", 0 0, L_0x600003a2cfa0;  1 drivers
v0x600003926be0_0 .net "rout1", 0 0, L_0x600003a2ce60;  1 drivers
v0x600003926c70_0 .net "rout2", 0 0, L_0x600003a2cc80;  1 drivers
S_0x1050259c0 .scope module, "R7" "register" 14 82, 14 1 0, S_0x1050068f0;
 .timescale 0 0;
    .port_info 0 /INPUT 1 "clk";
    .port_info 1 /INPUT 1 "rin";
    .port_info 2 /INPUT 1 "rout1";
    .port_info 3 /INPUT 1 "rout2";
    .port_info 4 /INPUT 32 "din";
    .port_info 5 /OUTPUT 32 "dout1";
    .port_info 6 /OUTPUT 32 "dout2";
P_0x600001e053c0 .param/l "WIDTH" 0 14 1, +C4<00000000000000000000000000100000>;
v0x600003926d00_0 .net "clk", 0 0, o0x128040130;  alias, 0 drivers
v0x600003926d90_0 .var "data", 31 0;
v0x600003926e20_0 .net "din", 31 0, v0x600003922010_0;  alias, 1 drivers
v0x600003926eb0_0 .var "dout1", 31 0;
v0x600003926f40_0 .var "dout2", 31 0;
v0x600003926fd0_0 .net "rin", 0 0, L_0x600003a2cf00;  1 drivers
v0x600003927060_0 .net "rout1", 0 0, L_0x600003a2cdc0;  1 drivers
v0x6000039270f0_0 .net "rout2", 0 0, L_0x600003a2d360;  1 drivers
S_0x105025b30 .scope module, "R8" "register" 14 83, 14 1 0, S_0x1050068f0;
 .timescale 0 0;
    .port_info 0 /INPUT 1 "clk";
    .port_info 1 /INPUT 1 "rin";
    .port_info 2 /INPUT 1 "rout1";
    .port_info 3 /INPUT 1 "rout2";
    .port_info 4 /INPUT 32 "din";
    .port_info 5 /OUTPUT 32 "dout1";
    .port_info 6 /OUTPUT 32 "dout2";
P_0x600001e054c0 .param/l "WIDTH" 0 14 1, +C4<00000000000000000000000000100000>;
v0x600003927180_0 .net "clk", 0 0, o0x128040130;  alias, 0 drivers
v0x600003927210_0 .var "data", 31 0;
v0x6000039272a0_0 .net "din", 31 0, v0x600003922010_0;  alias, 1 drivers
v0x600003927330_0 .var "dout1", 31 0;
v0x6000039273c0_0 .var "dout2", 31 0;
v0x600003927450_0 .net "rin", 0 0, L_0x600003a2d400;  1 drivers
v0x6000039274e0_0 .net "rout1", 0 0, L_0x600003a2d4a0;  1 drivers
v0x600003927570_0 .net "rout2", 0 0, L_0x600003a2d540;  1 drivers
S_0x105025ca0 .scope module, "R9" "register" 14 84, 14 1 0, S_0x1050068f0;
 .timescale 0 0;
    .port_info 0 /INPUT 1 "clk";
    .port_info 1 /INPUT 1 "rin";
    .port_info 2 /INPUT 1 "rout1";
    .port_info 3 /INPUT 1 "rout2";
    .port_info 4 /INPUT 32 "din";
    .port_info 5 /OUTPUT 32 "dout1";
    .port_info 6 /OUTPUT 32 "dout2";
P_0x600001e055c0 .param/l "WIDTH" 0 14 1, +C4<00000000000000000000000000100000>;
v0x600003927600_0 .net "clk", 0 0, o0x128040130;  alias, 0 drivers
v0x600003927690_0 .var "data", 31 0;
v0x600003927720_0 .net "din", 31 0, v0x600003922010_0;  alias, 1 drivers
v0x6000039277b0_0 .var "dout1", 31 0;
v0x600003927840_0 .var "dout2", 31 0;
v0x6000039278d0_0 .net "rin", 0 0, L_0x600003a2d5e0;  1 drivers
v0x600003927960_0 .net "rout1", 0 0, L_0x600003a2d680;  1 drivers
v0x6000039279f0_0 .net "rout2", 0 0, L_0x600003a2d720;  1 drivers
S_0x105026410 .scope module, "checker" "condition_check" 2 135, 13 15 0, S_0x105028c00;
 .timescale 0 0;
    .port_info 0 /INPUT 32 "A";
    .port_info 1 /INPUT 2 "cond";
    .port_info 2 /OUTPUT 1 "outp";
P_0x600003728800 .param/l "equal" 1 13 22, +C4<00000000000000000000000000000011>;
P_0x600003728840 .param/l "greater" 1 13 22, +C4<00000000000000000000000000000010>;
P_0x600003728880 .param/l "less" 1 13 22, +C4<00000000000000000000000000000001>;
P_0x6000037288c0 .param/l "width" 0 13 15, +C4<00000000000000000000000000100000>;
v0x600003920240_0 .net "A", 31 0, v0x6000039213b0_0;  alias, 1 drivers
v0x6000039202d0_0 .net *"_ivl_0", 31 0, L_0x600003a2e440;  1 drivers
v0x600003920360_0 .net *"_ivl_10", 31 0, L_0x600003a2e580;  1 drivers
L_0x128078208 .functor BUFT 1, C4<000000000000000000000000000000>, C4<0>, C4<0>, C4<0>;
v0x6000039203f0_0 .net *"_ivl_13", 29 0, L_0x128078208;  1 drivers
L_0x128078250 .functor BUFT 1, C4<00000000000000000000000000000001>, C4<0>, C4<0>, C4<0>;
v0x600003920480_0 .net/2u *"_ivl_14", 31 0, L_0x128078250;  1 drivers
v0x600003920510_0 .net *"_ivl_16", 0 0, L_0x600003a2e620;  1 drivers
L_0x128078298 .functor BUFT 1, C4<00000000000000000000000000000000>, C4<0>, C4<0>, C4<0>;
v0x6000039205a0_0 .net/2u *"_ivl_18", 31 0, L_0x128078298;  1 drivers
v0x600003920630_0 .net *"_ivl_20", 0 0, L_0x600003a2e6c0;  1 drivers
v0x6000039206c0_0 .net *"_ivl_22", 1 0, L_0x600003a2e760;  1 drivers
L_0x1280782e0 .functor BUFT 1, C4<0>, C4<0>, C4<0>, C4<0>;
v0x600003920750_0 .net *"_ivl_25", 0 0, L_0x1280782e0;  1 drivers
v0x6000039207e0_0 .net *"_ivl_26", 31 0, L_0x600003a2e800;  1 drivers
L_0x128078328 .functor BUFT 1, C4<000000000000000000000000000000>, C4<0>, C4<0>, C4<0>;
v0x600003920870_0 .net *"_ivl_29", 29 0, L_0x128078328;  1 drivers
L_0x128078130 .functor BUFT 1, C4<000000000000000000000000000000>, C4<0>, C4<0>, C4<0>;
v0x600003920900_0 .net *"_ivl_3", 29 0, L_0x128078130;  1 drivers
L_0x128078370 .functor BUFT 1, C4<00000000000000000000000000000011>, C4<0>, C4<0>, C4<0>;
v0x600003920990_0 .net/2u *"_ivl_30", 31 0, L_0x128078370;  1 drivers
v0x600003920a20_0 .net *"_ivl_32", 0 0, L_0x600003a2e8a0;  1 drivers
L_0x1280783b8 .functor BUFT 1, C4<00000000000000000000000000000000>, C4<0>, C4<0>, C4<0>;
v0x600003920ab0_0 .net/2u *"_ivl_34", 31 0, L_0x1280783b8;  1 drivers
v0x600003920b40_0 .net *"_ivl_36", 0 0, L_0x600003a2e940;  1 drivers
v0x600003920bd0_0 .net *"_ivl_38", 1 0, L_0x600003a2e9e0;  1 drivers
L_0x128078178 .functor BUFT 1, C4<00000000000000000000000000000000>, C4<0>, C4<0>, C4<0>;
v0x600003920c60_0 .net/2u *"_ivl_4", 31 0, L_0x128078178;  1 drivers
L_0x128078400 .functor BUFT 1, C4<0>, C4<0>, C4<0>, C4<0>;
v0x600003920cf0_0 .net *"_ivl_41", 0 0, L_0x128078400;  1 drivers
L_0x128078448 .functor BUFT 1, C4<00000000000000000000000000000000>, C4<0>, C4<0>, C4<0>;
v0x600003920d80_0 .net/2u *"_ivl_42", 31 0, L_0x128078448;  1 drivers
v0x600003920e10_0 .net *"_ivl_44", 0 0, L_0x600003a2ea80;  1 drivers
v0x600003920ea0_0 .net *"_ivl_46", 1 0, L_0x600003a2eb20;  1 drivers
L_0x128078490 .functor BUFT 1, C4<0>, C4<0>, C4<0>, C4<0>;
v0x600003920f30_0 .net *"_ivl_49", 0 0, L_0x128078490;  1 drivers
v0x600003920fc0_0 .net *"_ivl_50", 1 0, L_0x600003a2ebc0;  1 drivers
v0x600003921050_0 .net *"_ivl_52", 1 0, L_0x600003a2ec60;  1 drivers
v0x6000039210e0_0 .net *"_ivl_54", 1 0, L_0x600003a2ed00;  1 drivers
v0x600003921170_0 .net *"_ivl_6", 0 0, L_0x600003a2e4e0;  1 drivers
L_0x1280781c0 .functor BUFT 1, C4<01>, C4<0>, C4<0>, C4<0>;
v0x600003921200_0 .net/2u *"_ivl_8", 1 0, L_0x1280781c0;  1 drivers
v0x600003921290_0 .net "cond", 1 0, v0x600003921ef0_0;  1 drivers
v0x600003921320_0 .net "outp", 0 0, L_0x600003a2eda0;  alias, 1 drivers
L_0x600003a2e440 .concat [ 2 30 0 0], v0x600003921ef0_0, L_0x128078130;
L_0x600003a2e4e0 .cmp/eq 32, L_0x600003a2e440, L_0x128078178;
L_0x600003a2e580 .concat [ 2 30 0 0], v0x600003921ef0_0, L_0x128078208;
L_0x600003a2e620 .cmp/eq 32, L_0x600003a2e580, L_0x128078250;
L_0x600003a2e6c0 .cmp/gt 32, L_0x128078298, v0x6000039213b0_0;
L_0x600003a2e760 .concat [ 1 1 0 0], L_0x600003a2e6c0, L_0x1280782e0;
L_0x600003a2e800 .concat [ 2 30 0 0], v0x600003921ef0_0, L_0x128078328;
L_0x600003a2e8a0 .cmp/eq 32, L_0x600003a2e800, L_0x128078370;
L_0x600003a2e940 .cmp/eq 32, v0x6000039213b0_0, L_0x1280783b8;
L_0x600003a2e9e0 .concat [ 1 1 0 0], L_0x600003a2e940, L_0x128078400;
L_0x600003a2ea80 .cmp/gt 32, v0x6000039213b0_0, L_0x128078448;
L_0x600003a2eb20 .concat [ 1 1 0 0], L_0x600003a2ea80, L_0x128078490;
L_0x600003a2ebc0 .functor MUXZ 2, L_0x600003a2eb20, L_0x600003a2e9e0, L_0x600003a2e8a0, C4<>;
L_0x600003a2ec60 .functor MUXZ 2, L_0x600003a2ebc0, L_0x600003a2e760, L_0x600003a2e620, C4<>;
L_0x600003a2ed00 .functor MUXZ 2, L_0x600003a2ec60, L_0x1280781c0, L_0x600003a2e4e0, C4<>;
L_0x600003a2eda0 .part L_0x600003a2ed00, 0, 1;
    .scope S_0x105005880;
T_0 ;
    %wait E_0x600001e04680;
    %load/vec4 v0x60000392ad00_0;
    %flag_set/vec4 8;
    %jmp/0xz  T_0.0, 8;
    %load/vec4 v0x60000392ad90_0;
    %dup/vec4;
    %pushi/vec4 0, 0, 4;
    %cmp/u;
    %jmp/1 T_0.2, 6;
    %dup/vec4;
    %pushi/vec4 1, 0, 4;
    %cmp/u;
    %jmp/1 T_0.3, 6;
    %dup/vec4;
    %pushi/vec4 2, 0, 4;
    %cmp/u;
    %jmp/1 T_0.4, 6;
    %dup/vec4;
    %pushi/vec4 3, 0, 4;
    %cmp/u;
    %jmp/1 T_0.5, 6;
    %dup/vec4;
    %pushi/vec4 4, 0, 4;
    %cmp/u;
    %jmp/1 T_0.6, 6;
    %dup/vec4;
    %pushi/vec4 5, 0, 4;
    %cmp/u;
    %jmp/1 T_0.7, 6;
    %dup/vec4;
    %pushi/vec4 6, 0, 4;
    %cmp/u;
    %jmp/1 T_0.8, 6;
    %dup/vec4;
    %pushi/vec4 7, 0, 4;
    %cmp/u;
    %jmp/1 T_0.9, 6;
    %dup/vec4;
    %pushi/vec4 8, 0, 4;
    %cmp/u;
    %jmp/1 T_0.10, 6;
    %dup/vec4;
    %pushi/vec4 9, 0, 4;
    %cmp/u;
    %jmp/1 T_0.11, 6;
    %dup/vec4;
    %pushi/vec4 10, 0, 4;
    %cmp/u;
    %jmp/1 T_0.12, 6;
    %dup/vec4;
    %pushi/vec4 11, 0, 4;
    %cmp/u;
    %jmp/1 T_0.13, 6;
    %dup/vec4;
    %pushi/vec4 12, 0, 4;
    %cmp/u;
    %jmp/1 T_0.14, 6;
    %dup/vec4;
    %pushi/vec4 13, 0, 4;
    %cmp/u;
    %jmp/1 T_0.15, 6;
    %dup/vec4;
    %pushi/vec4 14, 0, 4;
    %cmp/u;
    %jmp/1 T_0.16, 6;
    %dup/vec4;
    %pushi/vec4 15, 0, 4;
    %cmp/u;
    %jmp/1 T_0.17, 6;
    %jmp T_0.18;
T_0.2 ;
    %pushi/vec4 1, 0, 16;
    %assign/vec4 v0x60000392ae20_0, 0;
    %jmp T_0.18;
T_0.3 ;
    %pushi/vec4 2, 0, 16;
    %assign/vec4 v0x60000392ae20_0, 0;
    %jmp T_0.18;
T_0.4 ;
    %pushi/vec4 4, 0, 16;
    %assign/vec4 v0x60000392ae20_0, 0;
    %jmp T_0.18;
T_0.5 ;
    %pushi/vec4 8, 0, 16;
    %assign/vec4 v0x60000392ae20_0, 0;
    %jmp T_0.18;
T_0.6 ;
    %pushi/vec4 16, 0, 16;
    %assign/vec4 v0x60000392ae20_0, 0;
    %jmp T_0.18;
T_0.7 ;
    %pushi/vec4 32, 0, 16;
    %assign/vec4 v0x60000392ae20_0, 0;
    %jmp T_0.18;
T_0.8 ;
    %pushi/vec4 64, 0, 16;
    %assign/vec4 v0x60000392ae20_0, 0;
    %jmp T_0.18;
T_0.9 ;
    %pushi/vec4 128, 0, 16;
    %assign/vec4 v0x60000392ae20_0, 0;
    %jmp T_0.18;
T_0.10 ;
    %pushi/vec4 256, 0, 16;
    %assign/vec4 v0x60000392ae20_0, 0;
    %jmp T_0.18;
T_0.11 ;
    %pushi/vec4 512, 0, 16;
    %assign/vec4 v0x60000392ae20_0, 0;
    %jmp T_0.18;
T_0.12 ;
    %pushi/vec4 1024, 0, 16;
    %assign/vec4 v0x60000392ae20_0, 0;
    %jmp T_0.18;
T_0.13 ;
    %pushi/vec4 2048, 0, 16;
    %assign/vec4 v0x60000392ae20_0, 0;
    %jmp T_0.18;
T_0.14 ;
    %pushi/vec4 4096, 0, 16;
    %assign/vec4 v0x60000392ae20_0, 0;
    %jmp T_0.18;
T_0.15 ;
    %pushi/vec4 8192, 0, 16;
    %assign/vec4 v0x60000392ae20_0, 0;
    %jmp T_0.18;
T_0.16 ;
    %pushi/vec4 16384, 0, 16;
    %assign/vec4 v0x60000392ae20_0, 0;
    %jmp T_0.18;
T_0.17 ;
    %pushi/vec4 32768, 0, 16;
    %assign/vec4 v0x60000392ae20_0, 0;
    %jmp T_0.18;
T_0.18 ;
    %pop/vec4 1;
    %jmp T_0.1;
T_0.0 ;
    %pushi/vec4 0, 0, 16;
    %assign/vec4 v0x60000392ae20_0, 0;
T_0.1 ;
    %jmp T_0;
    .thread T_0, $push;
    .scope S_0x1050059f0;
T_1 ;
    %wait E_0x600001e046c0;
    %load/vec4 v0x60000392aeb0_0;
    %flag_set/vec4 8;
    %jmp/0xz  T_1.0, 8;
    %load/vec4 v0x60000392af40_0;
    %dup/vec4;
    %pushi/vec4 0, 0, 4;
    %cmp/u;
    %jmp/1 T_1.2, 6;
    %dup/vec4;
    %pushi/vec4 1, 0, 4;
    %cmp/u;
    %jmp/1 T_1.3, 6;
    %dup/vec4;
    %pushi/vec4 2, 0, 4;
    %cmp/u;
    %jmp/1 T_1.4, 6;
    %dup/vec4;
    %pushi/vec4 3, 0, 4;
    %cmp/u;
    %jmp/1 T_1.5, 6;
    %dup/vec4;
    %pushi/vec4 4, 0, 4;
    %cmp/u;
    %jmp/1 T_1.6, 6;
    %dup/vec4;
    %pushi/vec4 5, 0, 4;
    %cmp/u;
    %jmp/1 T_1.7, 6;
    %dup/vec4;
    %pushi/vec4 6, 0, 4;
    %cmp/u;
    %jmp/1 T_1.8, 6;
    %dup/vec4;
    %pushi/vec4 7, 0, 4;
    %cmp/u;
    %jmp/1 T_1.9, 6;
    %dup/vec4;
    %pushi/vec4 8, 0, 4;
    %cmp/u;
    %jmp/1 T_1.10, 6;
    %dup/vec4;
    %pushi/vec4 9, 0, 4;
    %cmp/u;
    %jmp/1 T_1.11, 6;
    %dup/vec4;
    %pushi/vec4 10, 0, 4;
    %cmp/u;
    %jmp/1 T_1.12, 6;
    %dup/vec4;
    %pushi/vec4 11, 0, 4;
    %cmp/u;
    %jmp/1 T_1.13, 6;
    %dup/vec4;
    %pushi/vec4 12, 0, 4;
    %cmp/u;
    %jmp/1 T_1.14, 6;
    %dup/vec4;
    %pushi/vec4 13, 0, 4;
    %cmp/u;
    %jmp/1 T_1.15, 6;
    %dup/vec4;
    %pushi/vec4 14, 0, 4;
    %cmp/u;
    %jmp/1 T_1.16, 6;
    %dup/vec4;
    %pushi/vec4 15, 0, 4;
    %cmp/u;
    %jmp/1 T_1.17, 6;
    %jmp T_1.18;
T_1.2 ;
    %pushi/vec4 1, 0, 16;
    %assign/vec4 v0x60000392afd0_0, 0;
    %jmp T_1.18;
T_1.3 ;
    %pushi/vec4 2, 0, 16;
    %assign/vec4 v0x60000392afd0_0, 0;
    %jmp T_1.18;
T_1.4 ;
    %pushi/vec4 4, 0, 16;
    %assign/vec4 v0x60000392afd0_0, 0;
    %jmp T_1.18;
T_1.5 ;
    %pushi/vec4 8, 0, 16;
    %assign/vec4 v0x60000392afd0_0, 0;
    %jmp T_1.18;
T_1.6 ;
    %pushi/vec4 16, 0, 16;
    %assign/vec4 v0x60000392afd0_0, 0;
    %jmp T_1.18;
T_1.7 ;
    %pushi/vec4 32, 0, 16;
    %assign/vec4 v0x60000392afd0_0, 0;
    %jmp T_1.18;
T_1.8 ;
    %pushi/vec4 64, 0, 16;
    %assign/vec4 v0x60000392afd0_0, 0;
    %jmp T_1.18;
T_1.9 ;
    %pushi/vec4 128, 0, 16;
    %assign/vec4 v0x60000392afd0_0, 0;
    %jmp T_1.18;
T_1.10 ;
    %pushi/vec4 256, 0, 16;
    %assign/vec4 v0x60000392afd0_0, 0;
    %jmp T_1.18;
T_1.11 ;
    %pushi/vec4 512, 0, 16;
    %assign/vec4 v0x60000392afd0_0, 0;
    %jmp T_1.18;
T_1.12 ;
    %pushi/vec4 1024, 0, 16;
    %assign/vec4 v0x60000392afd0_0, 0;
    %jmp T_1.18;
T_1.13 ;
    %pushi/vec4 2048, 0, 16;
    %assign/vec4 v0x60000392afd0_0, 0;
    %jmp T_1.18;
T_1.14 ;
    %pushi/vec4 4096, 0, 16;
    %assign/vec4 v0x60000392afd0_0, 0;
    %jmp T_1.18;
T_1.15 ;
    %pushi/vec4 8192, 0, 16;
    %assign/vec4 v0x60000392afd0_0, 0;
    %jmp T_1.18;
T_1.16 ;
    %pushi/vec4 16384, 0, 16;
    %assign/vec4 v0x60000392afd0_0, 0;
    %jmp T_1.18;
T_1.17 ;
    %pushi/vec4 32768, 0, 16;
    %assign/vec4 v0x60000392afd0_0, 0;
    %jmp T_1.18;
T_1.18 ;
    %pop/vec4 1;
    %jmp T_1.1;
T_1.0 ;
    %pushi/vec4 0, 0, 16;
    %assign/vec4 v0x60000392afd0_0, 0;
T_1.1 ;
    %jmp T_1;
    .thread T_1, $push;
    .scope S_0x105006280;
T_2 ;
    %wait E_0x600001e04700;
    %load/vec4 v0x60000392b060_0;
    %flag_set/vec4 8;
    %jmp/0xz  T_2.0, 8;
    %load/vec4 v0x60000392b0f0_0;
    %dup/vec4;
    %pushi/vec4 0, 0, 4;
    %cmp/u;
    %jmp/1 T_2.2, 6;
    %dup/vec4;
    %pushi/vec4 1, 0, 4;
    %cmp/u;
    %jmp/1 T_2.3, 6;
    %dup/vec4;
    %pushi/vec4 2, 0, 4;
    %cmp/u;
    %jmp/1 T_2.4, 6;
    %dup/vec4;
    %pushi/vec4 3, 0, 4;
    %cmp/u;
    %jmp/1 T_2.5, 6;
    %dup/vec4;
    %pushi/vec4 4, 0, 4;
    %cmp/u;
    %jmp/1 T_2.6, 6;
    %dup/vec4;
    %pushi/vec4 5, 0, 4;
    %cmp/u;
    %jmp/1 T_2.7, 6;
    %dup/vec4;
    %pushi/vec4 6, 0, 4;
    %cmp/u;
    %jmp/1 T_2.8, 6;
    %dup/vec4;
    %pushi/vec4 7, 0, 4;
    %cmp/u;
    %jmp/1 T_2.9, 6;
    %dup/vec4;
    %pushi/vec4 8, 0, 4;
    %cmp/u;
    %jmp/1 T_2.10, 6;
    %dup/vec4;
    %pushi/vec4 9, 0, 4;
    %cmp/u;
    %jmp/1 T_2.11, 6;
    %dup/vec4;
    %pushi/vec4 10, 0, 4;
    %cmp/u;
    %jmp/1 T_2.12, 6;
    %dup/vec4;
    %pushi/vec4 11, 0, 4;
    %cmp/u;
    %jmp/1 T_2.13, 6;
    %dup/vec4;
    %pushi/vec4 12, 0, 4;
    %cmp/u;
    %jmp/1 T_2.14, 6;
    %dup/vec4;
    %pushi/vec4 13, 0, 4;
    %cmp/u;
    %jmp/1 T_2.15, 6;
    %dup/vec4;
    %pushi/vec4 14, 0, 4;
    %cmp/u;
    %jmp/1 T_2.16, 6;
    %dup/vec4;
    %pushi/vec4 15, 0, 4;
    %cmp/u;
    %jmp/1 T_2.17, 6;
    %jmp T_2.18;
T_2.2 ;
    %pushi/vec4 1, 0, 16;
    %assign/vec4 v0x60000392b180_0, 0;
    %jmp T_2.18;
T_2.3 ;
    %pushi/vec4 2, 0, 16;
    %assign/vec4 v0x60000392b180_0, 0;
    %jmp T_2.18;
T_2.4 ;
    %pushi/vec4 4, 0, 16;
    %assign/vec4 v0x60000392b180_0, 0;
    %jmp T_2.18;
T_2.5 ;
    %pushi/vec4 8, 0, 16;
    %assign/vec4 v0x60000392b180_0, 0;
    %jmp T_2.18;
T_2.6 ;
    %pushi/vec4 16, 0, 16;
    %assign/vec4 v0x60000392b180_0, 0;
    %jmp T_2.18;
T_2.7 ;
    %pushi/vec4 32, 0, 16;
    %assign/vec4 v0x60000392b180_0, 0;
    %jmp T_2.18;
T_2.8 ;
    %pushi/vec4 64, 0, 16;
    %assign/vec4 v0x60000392b180_0, 0;
    %jmp T_2.18;
T_2.9 ;
    %pushi/vec4 128, 0, 16;
    %assign/vec4 v0x60000392b180_0, 0;
    %jmp T_2.18;
T_2.10 ;
    %pushi/vec4 256, 0, 16;
    %assign/vec4 v0x60000392b180_0, 0;
    %jmp T_2.18;
T_2.11 ;
    %pushi/vec4 512, 0, 16;
    %assign/vec4 v0x60000392b180_0, 0;
    %jmp T_2.18;
T_2.12 ;
    %pushi/vec4 1024, 0, 16;
    %assign/vec4 v0x60000392b180_0, 0;
    %jmp T_2.18;
T_2.13 ;
    %pushi/vec4 2048, 0, 16;
    %assign/vec4 v0x60000392b180_0, 0;
    %jmp T_2.18;
T_2.14 ;
    %pushi/vec4 4096, 0, 16;
    %assign/vec4 v0x60000392b180_0, 0;
    %jmp T_2.18;
T_2.15 ;
    %pushi/vec4 8192, 0, 16;
    %assign/vec4 v0x60000392b180_0, 0;
    %jmp T_2.18;
T_2.16 ;
    %pushi/vec4 16384, 0, 16;
    %assign/vec4 v0x60000392b180_0, 0;
    %jmp T_2.18;
T_2.17 ;
    %pushi/vec4 32768, 0, 16;
    %assign/vec4 v0x60000392b180_0, 0;
    %jmp T_2.18;
T_2.18 ;
    %pop/vec4 1;
    %jmp T_2.1;
T_2.0 ;
    %pushi/vec4 0, 0, 16;
    %assign/vec4 v0x60000392b180_0, 0;
T_2.1 ;
    %jmp T_2;
    .thread T_2, $push;
    .scope S_0x1050063f0;
T_3 ;
    %wait E_0x600001e043c0;
    %load/vec4 v0x60000392b4e0_0;
    %flag_set/vec4 8;
    %jmp/0xz  T_3.0, 8;
    %load/vec4 v0x60000392b330_0;
    %assign/vec4 v0x60000392b2a0_0, 0;
T_3.0 ;
    %load/vec4 v0x60000392b570_0;
    %flag_set/vec4 8;
    %jmp/0xz  T_3.2, 8;
    %load/vec4 v0x60000392b2a0_0;
    %assign/vec4 v0x60000392b3c0_0, 0;
    %jmp T_3.3;
T_3.2 ;
    %pushi/vec4 0, 4294967295, 32;
    %assign/vec4 v0x60000392b3c0_0, 0;
T_3.3 ;
    %load/vec4 v0x60000392b600_0;
    %flag_set/vec4 8;
    %jmp/0xz  T_3.4, 8;
    %load/vec4 v0x60000392b2a0_0;
    %assign/vec4 v0x60000392b450_0, 0;
    %jmp T_3.5;
T_3.4 ;
    %pushi/vec4 0, 4294967295, 32;
    %assign/vec4 v0x60000392b450_0, 0;
T_3.5 ;
    %jmp T_3;
    .thread T_3;
    .scope S_0x1050063f0;
T_4 ;
    %pushi/vec4 0, 0, 32;
    %assign/vec4 v0x60000392b2a0_0, 0;
    %end;
    .thread T_4;
    .scope S_0x1050085a0;
T_5 ;
    %wait E_0x600001e043c0;
    %load/vec4 v0x60000392b960_0;
    %flag_set/vec4 8;
    %jmp/0xz  T_5.0, 8;
    %load/vec4 v0x60000392b7b0_0;
    %assign/vec4 v0x60000392b720_0, 0;
T_5.0 ;
    %load/vec4 v0x60000392b9f0_0;
    %flag_set/vec4 8;
    %jmp/0xz  T_5.2, 8;
    %load/vec4 v0x60000392b720_0;
    %assign/vec4 v0x60000392b840_0, 0;
    %jmp T_5.3;
T_5.2 ;
    %pushi/vec4 0, 4294967295, 32;
    %assign/vec4 v0x60000392b840_0, 0;
T_5.3 ;
    %load/vec4 v0x60000392ba80_0;
    %flag_set/vec4 8;
    %jmp/0xz  T_5.4, 8;
    %load/vec4 v0x60000392b720_0;
    %assign/vec4 v0x60000392b8d0_0, 0;
    %jmp T_5.5;
T_5.4 ;
    %pushi/vec4 0, 4294967295, 32;
    %assign/vec4 v0x60000392b8d0_0, 0;
T_5.5 ;
    %jmp T_5;
    .thread T_5;
    .scope S_0x1050085a0;
T_6 ;
    %pushi/vec4 0, 0, 32;
    %assign/vec4 v0x60000392b720_0, 0;
    %end;
    .thread T_6;
    .scope S_0x105025290;
T_7 ;
    %wait E_0x600001e043c0;
    %load/vec4 v0x600003925950_0;
    %flag_set/vec4 8;
    %jmp/0xz  T_7.0, 8;
    %load/vec4 v0x6000039257a0_0;
    %assign/vec4 v0x600003925710_0, 0;
T_7.0 ;
    %load/vec4 v0x6000039259e0_0;
    %flag_set/vec4 8;
    %jmp/0xz  T_7.2, 8;
    %load/vec4 v0x600003925710_0;
    %assign/vec4 v0x600003925830_0, 0;
    %jmp T_7.3;
T_7.2 ;
    %pushi/vec4 0, 4294967295, 32;
    %assign/vec4 v0x600003925830_0, 0;
T_7.3 ;
    %load/vec4 v0x600003925a70_0;
    %flag_set/vec4 8;
    %jmp/0xz  T_7.4, 8;
    %load/vec4 v0x600003925710_0;
    %assign/vec4 v0x6000039258c0_0, 0;
    %jmp T_7.5;
T_7.4 ;
    %pushi/vec4 0, 4294967295, 32;
    %assign/vec4 v0x6000039258c0_0, 0;
T_7.5 ;
    %jmp T_7;
    .thread T_7;
    .scope S_0x105025290;
T_8 ;
    %pushi/vec4 0, 0, 32;
    %assign/vec4 v0x600003925710_0, 0;
    %end;
    .thread T_8;
    .scope S_0x105025400;
T_9 ;
    %wait E_0x600001e043c0;
    %load/vec4 v0x600003925dd0_0;
    %flag_set/vec4 8;
    %jmp/0xz  T_9.0, 8;
    %load/vec4 v0x600003925c20_0;
    %assign/vec4 v0x600003925b90_0, 0;
T_9.0 ;
    %load/vec4 v0x600003925e60_0;
    %flag_set/vec4 8;
    %jmp/0xz  T_9.2, 8;
    %load/vec4 v0x600003925b90_0;
    %assign/vec4 v0x600003925cb0_0, 0;
    %jmp T_9.3;
T_9.2 ;
    %pushi/vec4 0, 4294967295, 32;
    %assign/vec4 v0x600003925cb0_0, 0;
T_9.3 ;
    %load/vec4 v0x600003925ef0_0;
    %flag_set/vec4 8;
    %jmp/0xz  T_9.4, 8;
    %load/vec4 v0x600003925b90_0;
    %assign/vec4 v0x600003925d40_0, 0;
    %jmp T_9.5;
T_9.4 ;
    %pushi/vec4 0, 4294967295, 32;
    %assign/vec4 v0x600003925d40_0, 0;
T_9.5 ;
    %jmp T_9;
    .thread T_9;
    .scope S_0x105025400;
T_10 ;
    %pushi/vec4 0, 0, 32;
    %assign/vec4 v0x600003925b90_0, 0;
    %end;
    .thread T_10;
    .scope S_0x105025570;
T_11 ;
    %wait E_0x600001e043c0;
    %load/vec4 v0x600003926250_0;
    %flag_set/vec4 8;
    %jmp/0xz  T_11.0, 8;
    %load/vec4 v0x6000039260a0_0;
    %assign/vec4 v0x600003926010_0, 0;
T_11.0 ;
    %load/vec4 v0x6000039262e0_0;
    %flag_set/vec4 8;
    %jmp/0xz  T_11.2, 8;
    %load/vec4 v0x600003926010_0;
    %assign/vec4 v0x600003926130_0, 0;
    %jmp T_11.3;
T_11.2 ;
    %pushi/vec4 0, 4294967295, 32;
    %assign/vec4 v0x600003926130_0, 0;
T_11.3 ;
    %load/vec4 v0x600003926370_0;
    %flag_set/vec4 8;
    %jmp/0xz  T_11.4, 8;
    %load/vec4 v0x600003926010_0;
    %assign/vec4 v0x6000039261c0_0, 0;
    %jmp T_11.5;
T_11.4 ;
    %pushi/vec4 0, 4294967295, 32;
    %assign/vec4 v0x6000039261c0_0, 0;
T_11.5 ;
    %jmp T_11;
    .thread T_11;
    .scope S_0x105025570;
T_12 ;
    %pushi/vec4 0, 0, 32;
    %assign/vec4 v0x600003926010_0, 0;
    %end;
    .thread T_12;
    .scope S_0x1050256e0;
T_13 ;
    %wait E_0x600001e043c0;
    %load/vec4 v0x6000039266d0_0;
    %flag_set/vec4 8;
    %jmp/0xz  T_13.0, 8;
    %load/vec4 v0x600003926520_0;
    %assign/vec4 v0x600003926490_0, 0;
T_13.0 ;
    %load/vec4 v0x600003926760_0;
    %flag_set/vec4 8;
    %jmp/0xz  T_13.2, 8;
    %load/vec4 v0x600003926490_0;
    %assign/vec4 v0x6000039265b0_0, 0;
    %jmp T_13.3;
T_13.2 ;
    %pushi/vec4 0, 4294967295, 32;
    %assign/vec4 v0x6000039265b0_0, 0;
T_13.3 ;
    %load/vec4 v0x6000039267f0_0;
    %flag_set/vec4 8;
    %jmp/0xz  T_13.4, 8;
    %load/vec4 v0x600003926490_0;
    %assign/vec4 v0x600003926640_0, 0;
    %jmp T_13.5;
T_13.4 ;
    %pushi/vec4 0, 4294967295, 32;
    %assign/vec4 v0x600003926640_0, 0;
T_13.5 ;
    %jmp T_13;
    .thread T_13;
    .scope S_0x1050256e0;
T_14 ;
    %pushi/vec4 0, 0, 32;
    %assign/vec4 v0x600003926490_0, 0;
    %end;
    .thread T_14;
    .scope S_0x105025850;
T_15 ;
    %wait E_0x600001e043c0;
    %load/vec4 v0x600003926b50_0;
    %flag_set/vec4 8;
    %jmp/0xz  T_15.0, 8;
    %load/vec4 v0x6000039269a0_0;
    %assign/vec4 v0x600003926910_0, 0;
T_15.0 ;
    %load/vec4 v0x600003926be0_0;
    %flag_set/vec4 8;
    %jmp/0xz  T_15.2, 8;
    %load/vec4 v0x600003926910_0;
    %assign/vec4 v0x600003926a30_0, 0;
    %jmp T_15.3;
T_15.2 ;
    %pushi/vec4 0, 4294967295, 32;
    %assign/vec4 v0x600003926a30_0, 0;
T_15.3 ;
    %load/vec4 v0x600003926c70_0;
    %flag_set/vec4 8;
    %jmp/0xz  T_15.4, 8;
    %load/vec4 v0x600003926910_0;
    %assign/vec4 v0x600003926ac0_0, 0;
    %jmp T_15.5;
T_15.4 ;
    %pushi/vec4 0, 4294967295, 32;
    %assign/vec4 v0x600003926ac0_0, 0;
T_15.5 ;
    %jmp T_15;
    .thread T_15;
    .scope S_0x105025850;
T_16 ;
    %pushi/vec4 0, 0, 32;
    %assign/vec4 v0x600003926910_0, 0;
    %end;
    .thread T_16;
    .scope S_0x1050259c0;
T_17 ;
    %wait E_0x600001e043c0;
    %load/vec4 v0x600003926fd0_0;
    %flag_set/vec4 8;
    %jmp/0xz  T_17.0, 8;
    %load/vec4 v0x600003926e20_0;
    %assign/vec4 v0x600003926d90_0, 0;
T_17.0 ;
    %load/vec4 v0x600003927060_0;
    %flag_set/vec4 8;
    %jmp/0xz  T_17.2, 8;
    %load/vec4 v0x600003926d90_0;
    %assign/vec4 v0x600003926eb0_0, 0;
    %jmp T_17.3;
T_17.2 ;
    %pushi/vec4 0, 4294967295, 32;
    %assign/vec4 v0x600003926eb0_0, 0;
T_17.3 ;
    %load/vec4 v0x6000039270f0_0;
    %flag_set/vec4 8;
    %jmp/0xz  T_17.4, 8;
    %load/vec4 v0x600003926d90_0;
    %assign/vec4 v0x600003926f40_0, 0;
    %jmp T_17.5;
T_17.4 ;
    %pushi/vec4 0, 4294967295, 32;
    %assign/vec4 v0x600003926f40_0, 0;
T_17.5 ;
    %jmp T_17;
    .thread T_17;
    .scope S_0x1050259c0;
T_18 ;
    %pushi/vec4 0, 0, 32;
    %assign/vec4 v0x600003926d90_0, 0;
    %end;
    .thread T_18;
    .scope S_0x105025b30;
T_19 ;
    %wait E_0x600001e043c0;
    %load/vec4 v0x600003927450_0;
    %flag_set/vec4 8;
    %jmp/0xz  T_19.0, 8;
    %load/vec4 v0x6000039272a0_0;
    %assign/vec4 v0x600003927210_0, 0;
T_19.0 ;
    %load/vec4 v0x6000039274e0_0;
    %flag_set/vec4 8;
    %jmp/0xz  T_19.2, 8;
    %load/vec4 v0x600003927210_0;
    %assign/vec4 v0x600003927330_0, 0;
    %jmp T_19.3;
T_19.2 ;
    %pushi/vec4 0, 4294967295, 32;
    %assign/vec4 v0x600003927330_0, 0;
T_19.3 ;
    %load/vec4 v0x600003927570_0;
    %flag_set/vec4 8;
    %jmp/0xz  T_19.4, 8;
    %load/vec4 v0x600003927210_0;
    %assign/vec4 v0x6000039273c0_0, 0;
    %jmp T_19.5;
T_19.4 ;
    %pushi/vec4 0, 4294967295, 32;
    %assign/vec4 v0x6000039273c0_0, 0;
T_19.5 ;
    %jmp T_19;
    .thread T_19;
    .scope S_0x105025b30;
T_20 ;
    %pushi/vec4 0, 0, 32;
    %assign/vec4 v0x600003927210_0, 0;
    %end;
    .thread T_20;
    .scope S_0x105025ca0;
T_21 ;
    %wait E_0x600001e043c0;
    %load/vec4 v0x6000039278d0_0;
    %flag_set/vec4 8;
    %jmp/0xz  T_21.0, 8;
    %load/vec4 v0x600003927720_0;
    %assign/vec4 v0x600003927690_0, 0;
T_21.0 ;
    %load/vec4 v0x600003927960_0;
    %flag_set/vec4 8;
    %jmp/0xz  T_21.2, 8;
    %load/vec4 v0x600003927690_0;
    %assign/vec4 v0x6000039277b0_0, 0;
    %jmp T_21.3;
T_21.2 ;
    %pushi/vec4 0, 4294967295, 32;
    %assign/vec4 v0x6000039277b0_0, 0;
T_21.3 ;
    %load/vec4 v0x6000039279f0_0;
    %flag_set/vec4 8;
    %jmp/0xz  T_21.4, 8;
    %load/vec4 v0x600003927690_0;
    %assign/vec4 v0x600003927840_0, 0;
    %jmp T_21.5;
T_21.4 ;
    %pushi/vec4 0, 4294967295, 32;
    %assign/vec4 v0x600003927840_0, 0;
T_21.5 ;
    %jmp T_21;
    .thread T_21;
    .scope S_0x105025ca0;
T_22 ;
    %pushi/vec4 0, 0, 32;
    %assign/vec4 v0x600003927690_0, 0;
    %end;
    .thread T_22;
    .scope S_0x105008710;
T_23 ;
    %wait E_0x600001e043c0;
    %load/vec4 v0x60000392bde0_0;
    %flag_set/vec4 8;
    %jmp/0xz  T_23.0, 8;
    %load/vec4 v0x60000392bc30_0;
    %assign/vec4 v0x60000392bba0_0, 0;
T_23.0 ;
    %load/vec4 v0x60000392be70_0;
    %flag_set/vec4 8;
    %jmp/0xz  T_23.2, 8;
    %load/vec4 v0x60000392bba0_0;
    %assign/vec4 v0x60000392bcc0_0, 0;
    %jmp T_23.3;
T_23.2 ;
    %pushi/vec4 0, 4294967295, 32;
    %assign/vec4 v0x60000392bcc0_0, 0;
T_23.3 ;
    %load/vec4 v0x60000392bf00_0;
    %flag_set/vec4 8;
    %jmp/0xz  T_23.4, 8;
    %load/vec4 v0x60000392bba0_0;
    %assign/vec4 v0x60000392bd50_0, 0;
    %jmp T_23.5;
T_23.4 ;
    %pushi/vec4 0, 4294967295, 32;
    %assign/vec4 v0x60000392bd50_0, 0;
T_23.5 ;
    %jmp T_23;
    .thread T_23;
    .scope S_0x105008710;
T_24 ;
    %pushi/vec4 0, 0, 32;
    %assign/vec4 v0x60000392bba0_0, 0;
    %end;
    .thread T_24;
    .scope S_0x105007870;
T_25 ;
    %wait E_0x600001e043c0;
    %load/vec4 v0x6000039242d0_0;
    %flag_set/vec4 8;
    %jmp/0xz  T_25.0, 8;
    %load/vec4 v0x600003924120_0;
    %assign/vec4 v0x600003924090_0, 0;
T_25.0 ;
    %load/vec4 v0x600003924360_0;
    %flag_set/vec4 8;
    %jmp/0xz  T_25.2, 8;
    %load/vec4 v0x600003924090_0;
    %assign/vec4 v0x6000039241b0_0, 0;
    %jmp T_25.3;
T_25.2 ;
    %pushi/vec4 0, 4294967295, 32;
    %assign/vec4 v0x6000039241b0_0, 0;
T_25.3 ;
    %load/vec4 v0x6000039243f0_0;
    %flag_set/vec4 8;
    %jmp/0xz  T_25.4, 8;
    %load/vec4 v0x600003924090_0;
    %assign/vec4 v0x600003924240_0, 0;
    %jmp T_25.5;
T_25.4 ;
    %pushi/vec4 0, 4294967295, 32;
    %assign/vec4 v0x600003924240_0, 0;
T_25.5 ;
    %jmp T_25;
    .thread T_25;
    .scope S_0x105007870;
T_26 ;
    %pushi/vec4 0, 0, 32;
    %assign/vec4 v0x600003924090_0, 0;
    %end;
    .thread T_26;
    .scope S_0x1050079e0;
T_27 ;
    %wait E_0x600001e043c0;
    %load/vec4 v0x600003924750_0;
    %flag_set/vec4 8;
    %jmp/0xz  T_27.0, 8;
    %load/vec4 v0x6000039245a0_0;
    %assign/vec4 v0x600003924510_0, 0;
T_27.0 ;
    %load/vec4 v0x6000039247e0_0;
    %flag_set/vec4 8;
    %jmp/0xz  T_27.2, 8;
    %load/vec4 v0x600003924510_0;
    %assign/vec4 v0x600003924630_0, 0;
    %jmp T_27.3;
T_27.2 ;
    %pushi/vec4 0, 4294967295, 32;
    %assign/vec4 v0x600003924630_0, 0;
T_27.3 ;
    %load/vec4 v0x600003924870_0;
    %flag_set/vec4 8;
    %jmp/0xz  T_27.4, 8;
    %load/vec4 v0x600003924510_0;
    %assign/vec4 v0x6000039246c0_0, 0;
    %jmp T_27.5;
T_27.4 ;
    %pushi/vec4 0, 4294967295, 32;
    %assign/vec4 v0x6000039246c0_0, 0;
T_27.5 ;
    %jmp T_27;
    .thread T_27;
    .scope S_0x1050079e0;
T_28 ;
    %pushi/vec4 0, 0, 32;
    %assign/vec4 v0x600003924510_0, 0;
    %end;
    .thread T_28;
    .scope S_0x105024c40;
T_29 ;
    %wait E_0x600001e043c0;
    %load/vec4 v0x600003924bd0_0;
    %flag_set/vec4 8;
    %jmp/0xz  T_29.0, 8;
    %load/vec4 v0x600003924a20_0;
    %assign/vec4 v0x600003924990_0, 0;
T_29.0 ;
    %load/vec4 v0x600003924c60_0;
    %flag_set/vec4 8;
    %jmp/0xz  T_29.2, 8;
    %load/vec4 v0x600003924990_0;
    %assign/vec4 v0x600003924ab0_0, 0;
    %jmp T_29.3;
T_29.2 ;
    %pushi/vec4 0, 4294967295, 32;
    %assign/vec4 v0x600003924ab0_0, 0;
T_29.3 ;
    %load/vec4 v0x600003924cf0_0;
    %flag_set/vec4 8;
    %jmp/0xz  T_29.4, 8;
    %load/vec4 v0x600003924990_0;
    %assign/vec4 v0x600003924b40_0, 0;
    %jmp T_29.5;
T_29.4 ;
    %pushi/vec4 0, 4294967295, 32;
    %assign/vec4 v0x600003924b40_0, 0;
T_29.5 ;
    %jmp T_29;
    .thread T_29;
    .scope S_0x105024c40;
T_30 ;
    %pushi/vec4 0, 0, 32;
    %assign/vec4 v0x600003924990_0, 0;
    %end;
    .thread T_30;
    .scope S_0x105024fb0;
T_31 ;
    %wait E_0x600001e043c0;
    %load/vec4 v0x600003925050_0;
    %flag_set/vec4 8;
    %jmp/0xz  T_31.0, 8;
    %load/vec4 v0x600003924ea0_0;
    %assign/vec4 v0x600003924e10_0, 0;
T_31.0 ;
    %load/vec4 v0x6000039250e0_0;
    %flag_set/vec4 8;
    %jmp/0xz  T_31.2, 8;
    %load/vec4 v0x600003924e10_0;
    %assign/vec4 v0x600003924f30_0, 0;
    %jmp T_31.3;
T_31.2 ;
    %pushi/vec4 0, 4294967295, 32;
    %assign/vec4 v0x600003924f30_0, 0;
T_31.3 ;
    %load/vec4 v0x600003925170_0;
    %flag_set/vec4 8;
    %jmp/0xz  T_31.4, 8;
    %load/vec4 v0x600003924e10_0;
    %assign/vec4 v0x600003924fc0_0, 0;
    %jmp T_31.5;
T_31.4 ;
    %pushi/vec4 0, 4294967295, 32;
    %assign/vec4 v0x600003924fc0_0, 0;
T_31.5 ;
    %jmp T_31;
    .thread T_31;
    .scope S_0x105024fb0;
T_32 ;
    %pushi/vec4 0, 0, 32;
    %assign/vec4 v0x600003924e10_0, 0;
    %end;
    .thread T_32;
    .scope S_0x105025120;
T_33 ;
    %wait E_0x600001e043c0;
    %load/vec4 v0x6000039254d0_0;
    %flag_set/vec4 8;
    %jmp/0xz  T_33.0, 8;
    %load/vec4 v0x600003925320_0;
    %assign/vec4 v0x600003925290_0, 0;
T_33.0 ;
    %load/vec4 v0x600003925560_0;
    %flag_set/vec4 8;
    %jmp/0xz  T_33.2, 8;
    %load/vec4 v0x600003925290_0;
    %assign/vec4 v0x6000039253b0_0, 0;
    %jmp T_33.3;
T_33.2 ;
    %pushi/vec4 0, 4294967295, 32;
    %assign/vec4 v0x6000039253b0_0, 0;
T_33.3 ;
    %load/vec4 v0x6000039255f0_0;
    %flag_set/vec4 8;
    %jmp/0xz  T_33.4, 8;
    %load/vec4 v0x600003925290_0;
    %assign/vec4 v0x600003925440_0, 0;
    %jmp T_33.5;
T_33.4 ;
    %pushi/vec4 0, 4294967295, 32;
    %assign/vec4 v0x600003925440_0, 0;
T_33.5 ;
    %jmp T_33;
    .thread T_33;
    .scope S_0x105025120;
T_34 ;
    %pushi/vec4 0, 0, 32;
    %assign/vec4 v0x600003925290_0, 0;
    %end;
    .thread T_34;
    .scope S_0x105004980;
T_35 ;
    %wait E_0x600001e043c0;
    %load/vec4 v0x600003928360_0;
    %load/vec4 v0x6000039283f0_0;
    %and;
    %store/vec4 v0x600003928480_0, 0, 32;
    %jmp T_35;
    .thread T_35;
    .scope S_0x105005d80;
T_36 ;
    %wait E_0x600001e043c0;
    %load/vec4 v0x600003928750_0;
    %load/vec4 v0x6000039287e0_0;
    %or;
    %store/vec4 v0x600003928870_0, 0, 32;
    %jmp T_36;
    .thread T_36;
    .scope S_0x105006c80;
T_37 ;
    %wait E_0x600001e043c0;
    %load/vec4 v0x600003929b90_0;
    %load/vec4 v0x600003929c20_0;
    %xor;
    %store/vec4 v0x600003929cb0_0, 0, 32;
    %jmp T_37;
    .thread T_37;
    .scope S_0x105004af0;
T_38 ;
    %wait E_0x600001e043c0;
    %load/vec4 v0x6000039285a0_0;
    %inv;
    %store/vec4 v0x600003928630_0, 0, 32;
    %jmp T_38;
    .thread T_38;
    .scope S_0x105005ef0;
T_39 ;
    %wait E_0x600001e043c0;
    %load/vec4 v0x600003928990_0;
    %load/vec4 v0x600003928a20_0;
    %parti/s 1, 0, 2;
    %ix/vec4 4;
    %shiftl 4;
    %store/vec4 v0x600003928ab0_0, 0, 32;
    %jmp T_39;
    .thread T_39;
    .scope S_0x1050080a0;
T_40 ;
    %wait E_0x600001e043c0;
    %load/vec4 v0x600003928bd0_0;
    %load/vec4 v0x600003928c60_0;
    %parti/s 1, 0, 2;
    %ix/vec4 4;
    %shiftr 4;
    %store/vec4 v0x600003928cf0_0, 0, 32;
    %jmp T_40;
    .thread T_40;
    .scope S_0x105008210;
T_41 ;
    %wait E_0x600001e043c0;
    %load/vec4 v0x600003928e10_0;
    %load/vec4 v0x600003928ea0_0;
    %parti/s 1, 0, 2;
    %ix/vec4 4;
    %shiftr 4;
    %store/vec4 v0x600003928f30_0, 0, 32;
    %jmp T_41;
    .thread T_41;
    .scope S_0x105004400;
T_42 ;
    %wait E_0x600001e04380;
    %load/vec4 v0x60000392fde0_0;
    %load/vec4 v0x60000392fe70_0;
    %and;
    %store/vec4 v0x60000392fcc0_0, 0, 32;
    %load/vec4 v0x60000392fde0_0;
    %load/vec4 v0x60000392fe70_0;
    %xor;
    %store/vec4 v0x60000392fd50_0, 0, 32;
    %load/vec4 v0x600003928000_0;
    %ix/load 4, 0, 0;
    %flag_set/imm 4, 0;
    %store/vec4 v0x60000392ff00_0, 4, 1;
    %load/vec4 v0x60000392fcc0_0;
    %parti/s 1, 0, 2;
    %load/vec4 v0x60000392fd50_0;
    %parti/s 1, 0, 2;
    %load/vec4 v0x60000392ff00_0;
    %parti/s 1, 0, 2;
    %and;
    %or;
    %ix/load 4, 1, 0;
    %flag_set/imm 4, 0;
    %store/vec4 v0x60000392ff00_0, 4, 1;
    %load/vec4 v0x60000392fcc0_0;
    %parti/s 1, 1, 2;
    %load/vec4 v0x60000392fd50_0;
    %parti/s 1, 1, 2;
    %load/vec4 v0x60000392ff00_0;
    %parti/s 1, 1, 2;
    %and;
    %or;
    %ix/load 4, 2, 0;
    %flag_set/imm 4, 0;
    %store/vec4 v0x60000392ff00_0, 4, 1;
    %load/vec4 v0x60000392fcc0_0;
    %parti/s 1, 2, 3;
    %load/vec4 v0x60000392fd50_0;
    %parti/s 1, 2, 3;
    %load/vec4 v0x60000392ff00_0;
    %parti/s 1, 2, 3;
    %and;
    %or;
    %ix/load 4, 3, 0;
    %flag_set/imm 4, 0;
    %store/vec4 v0x60000392ff00_0, 4, 1;
    %load/vec4 v0x60000392fcc0_0;
    %parti/s 1, 3, 3;
    %load/vec4 v0x60000392fd50_0;
    %parti/s 1, 3, 3;
    %load/vec4 v0x60000392ff00_0;
    %parti/s 1, 3, 3;
    %and;
    %or;
    %ix/load 4, 4, 0;
    %flag_set/imm 4, 0;
    %store/vec4 v0x60000392ff00_0, 4, 1;
    %load/vec4 v0x60000392fcc0_0;
    %parti/s 1, 4, 4;
    %load/vec4 v0x60000392fd50_0;
    %parti/s 1, 4, 4;
    %load/vec4 v0x60000392ff00_0;
    %parti/s 1, 4, 4;
    %and;
    %or;
    %ix/load 4, 5, 0;
    %flag_set/imm 4, 0;
    %store/vec4 v0x60000392ff00_0, 4, 1;
    %load/vec4 v0x60000392fcc0_0;
    %parti/s 1, 5, 4;
    %load/vec4 v0x60000392fd50_0;
    %parti/s 1, 5, 4;
    %load/vec4 v0x60000392ff00_0;
    %parti/s 1, 5, 4;
    %and;
    %or;
    %ix/load 4, 6, 0;
    %flag_set/imm 4, 0;
    %store/vec4 v0x60000392ff00_0, 4, 1;
    %load/vec4 v0x60000392fcc0_0;
    %parti/s 1, 6, 4;
    %load/vec4 v0x60000392fd50_0;
    %parti/s 1, 6, 4;
    %load/vec4 v0x60000392ff00_0;
    %parti/s 1, 6, 4;
    %and;
    %or;
    %ix/load 4, 7, 0;
    %flag_set/imm 4, 0;
    %store/vec4 v0x60000392ff00_0, 4, 1;
    %load/vec4 v0x60000392fcc0_0;
    %parti/s 1, 7, 4;
    %load/vec4 v0x60000392fd50_0;
    %parti/s 1, 7, 4;
    %load/vec4 v0x60000392ff00_0;
    %parti/s 1, 7, 4;
    %and;
    %or;
    %ix/load 4, 8, 0;
    %flag_set/imm 4, 0;
    %store/vec4 v0x60000392ff00_0, 4, 1;
    %load/vec4 v0x60000392fcc0_0;
    %parti/s 1, 8, 5;
    %load/vec4 v0x60000392fd50_0;
    %parti/s 1, 8, 5;
    %load/vec4 v0x60000392ff00_0;
    %parti/s 1, 8, 5;
    %and;
    %or;
    %ix/load 4, 9, 0;
    %flag_set/imm 4, 0;
    %store/vec4 v0x60000392ff00_0, 4, 1;
    %load/vec4 v0x60000392fcc0_0;
    %parti/s 1, 9, 5;
    %load/vec4 v0x60000392fd50_0;
    %parti/s 1, 9, 5;
    %load/vec4 v0x60000392ff00_0;
    %parti/s 1, 9, 5;
    %and;
    %or;
    %ix/load 4, 10, 0;
    %flag_set/imm 4, 0;
    %store/vec4 v0x60000392ff00_0, 4, 1;
    %load/vec4 v0x60000392fcc0_0;
    %parti/s 1, 10, 5;
    %load/vec4 v0x60000392fd50_0;
    %parti/s 1, 10, 5;
    %load/vec4 v0x60000392ff00_0;
    %parti/s 1, 10, 5;
    %and;
    %or;
    %ix/load 4, 11, 0;
    %flag_set/imm 4, 0;
    %store/vec4 v0x60000392ff00_0, 4, 1;
    %load/vec4 v0x60000392fcc0_0;
    %parti/s 1, 11, 5;
    %load/vec4 v0x60000392fd50_0;
    %parti/s 1, 11, 5;
    %load/vec4 v0x60000392ff00_0;
    %parti/s 1, 11, 5;
    %and;
    %or;
    %ix/load 4, 12, 0;
    %flag_set/imm 4, 0;
    %store/vec4 v0x60000392ff00_0, 4, 1;
    %load/vec4 v0x60000392fcc0_0;
    %parti/s 1, 12, 5;
    %load/vec4 v0x60000392fd50_0;
    %parti/s 1, 12, 5;
    %load/vec4 v0x60000392ff00_0;
    %parti/s 1, 12, 5;
    %and;
    %or;
    %ix/load 4, 13, 0;
    %flag_set/imm 4, 0;
    %store/vec4 v0x60000392ff00_0, 4, 1;
    %load/vec4 v0x60000392fcc0_0;
    %parti/s 1, 13, 5;
    %load/vec4 v0x60000392fd50_0;
    %parti/s 1, 13, 5;
    %load/vec4 v0x60000392ff00_0;
    %parti/s 1, 13, 5;
    %and;
    %or;
    %ix/load 4, 14, 0;
    %flag_set/imm 4, 0;
    %store/vec4 v0x60000392ff00_0, 4, 1;
    %load/vec4 v0x60000392fcc0_0;
    %parti/s 1, 14, 5;
    %load/vec4 v0x60000392fd50_0;
    %parti/s 1, 14, 5;
    %load/vec4 v0x60000392ff00_0;
    %parti/s 1, 14, 5;
    %and;
    %or;
    %ix/load 4, 15, 0;
    %flag_set/imm 4, 0;
    %store/vec4 v0x60000392ff00_0, 4, 1;
    %load/vec4 v0x60000392fcc0_0;
    %parti/s 1, 15, 5;
    %load/vec4 v0x60000392fd50_0;
    %parti/s 1, 15, 5;
    %load/vec4 v0x60000392ff00_0;
    %parti/s 1, 15, 5;
    %and;
    %or;
    %ix/load 4, 16, 0;
    %flag_set/imm 4, 0;
    %store/vec4 v0x60000392ff00_0, 4, 1;
    %load/vec4 v0x60000392fcc0_0;
    %parti/s 1, 16, 6;
    %load/vec4 v0x60000392fd50_0;
    %parti/s 1, 16, 6;
    %load/vec4 v0x60000392ff00_0;
    %parti/s 1, 16, 6;
    %and;
    %or;
    %ix/load 4, 17, 0;
    %flag_set/imm 4, 0;
    %store/vec4 v0x60000392ff00_0, 4, 1;
    %load/vec4 v0x60000392fcc0_0;
    %parti/s 1, 17, 6;
    %load/vec4 v0x60000392fd50_0;
    %parti/s 1, 17, 6;
    %load/vec4 v0x60000392ff00_0;
    %parti/s 1, 17, 6;
    %and;
    %or;
    %ix/load 4, 18, 0;
    %flag_set/imm 4, 0;
    %store/vec4 v0x60000392ff00_0, 4, 1;
    %load/vec4 v0x60000392fcc0_0;
    %parti/s 1, 18, 6;
    %load/vec4 v0x60000392fd50_0;
    %parti/s 1, 18, 6;
    %load/vec4 v0x60000392ff00_0;
    %parti/s 1, 18, 6;
    %and;
    %or;
    %ix/load 4, 19, 0;
    %flag_set/imm 4, 0;
    %store/vec4 v0x60000392ff00_0, 4, 1;
    %load/vec4 v0x60000392fcc0_0;
    %parti/s 1, 19, 6;
    %load/vec4 v0x60000392fd50_0;
    %parti/s 1, 19, 6;
    %load/vec4 v0x60000392ff00_0;
    %parti/s 1, 19, 6;
    %and;
    %or;
    %ix/load 4, 20, 0;
    %flag_set/imm 4, 0;
    %store/vec4 v0x60000392ff00_0, 4, 1;
    %load/vec4 v0x60000392fcc0_0;
    %parti/s 1, 20, 6;
    %load/vec4 v0x60000392fd50_0;
    %parti/s 1, 20, 6;
    %load/vec4 v0x60000392ff00_0;
    %parti/s 1, 20, 6;
    %and;
    %or;
    %ix/load 4, 21, 0;
    %flag_set/imm 4, 0;
    %store/vec4 v0x60000392ff00_0, 4, 1;
    %load/vec4 v0x60000392fcc0_0;
    %parti/s 1, 21, 6;
    %load/vec4 v0x60000392fd50_0;
    %parti/s 1, 21, 6;
    %load/vec4 v0x60000392ff00_0;
    %parti/s 1, 21, 6;
    %and;
    %or;
    %ix/load 4, 22, 0;
    %flag_set/imm 4, 0;
    %store/vec4 v0x60000392ff00_0, 4, 1;
    %load/vec4 v0x60000392fcc0_0;
    %parti/s 1, 22, 6;
    %load/vec4 v0x60000392fd50_0;
    %parti/s 1, 22, 6;
    %load/vec4 v0x60000392ff00_0;
    %parti/s 1, 22, 6;
    %and;
    %or;
    %ix/load 4, 23, 0;
    %flag_set/imm 4, 0;
    %store/vec4 v0x60000392ff00_0, 4, 1;
    %load/vec4 v0x60000392fcc0_0;
    %parti/s 1, 23, 6;
    %load/vec4 v0x60000392fd50_0;
    %parti/s 1, 23, 6;
    %load/vec4 v0x60000392ff00_0;
    %parti/s 1, 23, 6;
    %and;
    %or;
    %ix/load 4, 24, 0;
    %flag_set/imm 4, 0;
    %store/vec4 v0x60000392ff00_0, 4, 1;
    %load/vec4 v0x60000392fcc0_0;
    %parti/s 1, 24, 6;
    %load/vec4 v0x60000392fd50_0;
    %parti/s 1, 24, 6;
    %load/vec4 v0x60000392ff00_0;
    %parti/s 1, 24, 6;
    %and;
    %or;
    %ix/load 4, 25, 0;
    %flag_set/imm 4, 0;
    %store/vec4 v0x60000392ff00_0, 4, 1;
    %load/vec4 v0x60000392fcc0_0;
    %parti/s 1, 25, 6;
    %load/vec4 v0x60000392fd50_0;
    %parti/s 1, 25, 6;
    %load/vec4 v0x60000392ff00_0;
    %parti/s 1, 25, 6;
    %and;
    %or;
    %ix/load 4, 26, 0;
    %flag_set/imm 4, 0;
    %store/vec4 v0x60000392ff00_0, 4, 1;
    %load/vec4 v0x60000392fcc0_0;
    %parti/s 1, 26, 6;
    %load/vec4 v0x60000392fd50_0;
    %parti/s 1, 26, 6;
    %load/vec4 v0x60000392ff00_0;
    %parti/s 1, 26, 6;
    %and;
    %or;
    %ix/load 4, 27, 0;
    %flag_set/imm 4, 0;
    %store/vec4 v0x60000392ff00_0, 4, 1;
    %load/vec4 v0x60000392fcc0_0;
    %parti/s 1, 27, 6;
    %load/vec4 v0x60000392fd50_0;
    %parti/s 1, 27, 6;
    %load/vec4 v0x60000392ff00_0;
    %parti/s 1, 27, 6;
    %and;
    %or;
    %ix/load 4, 28, 0;
    %flag_set/imm 4, 0;
    %store/vec4 v0x60000392ff00_0, 4, 1;
    %load/vec4 v0x60000392fcc0_0;
    %parti/s 1, 28, 6;
    %load/vec4 v0x60000392fd50_0;
    %parti/s 1, 28, 6;
    %load/vec4 v0x60000392ff00_0;
    %parti/s 1, 28, 6;
    %and;
    %or;
    %ix/load 4, 29, 0;
    %flag_set/imm 4, 0;
    %store/vec4 v0x60000392ff00_0, 4, 1;
    %load/vec4 v0x60000392fcc0_0;
    %parti/s 1, 29, 6;
    %load/vec4 v0x60000392fd50_0;
    %parti/s 1, 29, 6;
    %load/vec4 v0x60000392ff00_0;
    %parti/s 1, 29, 6;
    %and;
    %or;
    %ix/load 4, 30, 0;
    %flag_set/imm 4, 0;
    %store/vec4 v0x60000392ff00_0, 4, 1;
    %load/vec4 v0x60000392fcc0_0;
    %parti/s 1, 30, 6;
    %load/vec4 v0x60000392fd50_0;
    %parti/s 1, 30, 6;
    %load/vec4 v0x60000392ff00_0;
    %parti/s 1, 30, 6;
    %and;
    %or;
    %ix/load 4, 31, 0;
    %flag_set/imm 4, 0;
    %store/vec4 v0x60000392ff00_0, 4, 1;
    %load/vec4 v0x60000392fcc0_0;
    %parti/s 1, 31, 6;
    %load/vec4 v0x60000392fd50_0;
    %parti/s 1, 31, 6;
    %load/vec4 v0x60000392ff00_0;
    %parti/s 1, 31, 6;
    %and;
    %or;
    %ix/load 4, 32, 0;
    %flag_set/imm 4, 0;
    %store/vec4 v0x60000392ff00_0, 4, 1;
    %load/vec4 v0x60000392fde0_0;
    %load/vec4 v0x60000392fe70_0;
    %xor;
    %load/vec4 v0x60000392ff00_0;
    %parti/s 32, 0, 2;
    %xor;
    %store/vec4 v0x600003928240_0, 0, 32;
    %load/vec4 v0x60000392ff00_0;
    %parti/s 1, 32, 7;
    %store/vec4 v0x600003928120_0, 0, 1;
    %jmp T_42;
    .thread T_42, $push;
    .scope S_0x1050074e0;
T_43 ;
    %wait E_0x600001e04440;
    %load/vec4 v0x600003929170_0;
    %load/vec4 v0x600003929200_0;
    %and;
    %store/vec4 v0x600003929050_0, 0, 32;
    %load/vec4 v0x600003929170_0;
    %load/vec4 v0x600003929200_0;
    %xor;
    %store/vec4 v0x6000039290e0_0, 0, 32;
    %load/vec4 v0x600003929320_0;
    %ix/load 4, 0, 0;
    %flag_set/imm 4, 0;
    %store/vec4 v0x600003929290_0, 4, 1;
    %load/vec4 v0x600003929050_0;
    %parti/s 1, 0, 2;
    %load/vec4 v0x6000039290e0_0;
    %parti/s 1, 0, 2;
    %load/vec4 v0x600003929290_0;
    %parti/s 1, 0, 2;
    %and;
    %or;
    %ix/load 4, 1, 0;
    %flag_set/imm 4, 0;
    %store/vec4 v0x600003929290_0, 4, 1;
    %load/vec4 v0x600003929050_0;
    %parti/s 1, 1, 2;
    %load/vec4 v0x6000039290e0_0;
    %parti/s 1, 1, 2;
    %load/vec4 v0x600003929290_0;
    %parti/s 1, 1, 2;
    %and;
    %or;
    %ix/load 4, 2, 0;
    %flag_set/imm 4, 0;
    %store/vec4 v0x600003929290_0, 4, 1;
    %load/vec4 v0x600003929050_0;
    %parti/s 1, 2, 3;
    %load/vec4 v0x6000039290e0_0;
    %parti/s 1, 2, 3;
    %load/vec4 v0x600003929290_0;
    %parti/s 1, 2, 3;
    %and;
    %or;
    %ix/load 4, 3, 0;
    %flag_set/imm 4, 0;
    %store/vec4 v0x600003929290_0, 4, 1;
    %load/vec4 v0x600003929050_0;
    %parti/s 1, 3, 3;
    %load/vec4 v0x6000039290e0_0;
    %parti/s 1, 3, 3;
    %load/vec4 v0x600003929290_0;
    %parti/s 1, 3, 3;
    %and;
    %or;
    %ix/load 4, 4, 0;
    %flag_set/imm 4, 0;
    %store/vec4 v0x600003929290_0, 4, 1;
    %load/vec4 v0x600003929050_0;
    %parti/s 1, 4, 4;
    %load/vec4 v0x6000039290e0_0;
    %parti/s 1, 4, 4;
    %load/vec4 v0x600003929290_0;
    %parti/s 1, 4, 4;
    %and;
    %or;
    %ix/load 4, 5, 0;
    %flag_set/imm 4, 0;
    %store/vec4 v0x600003929290_0, 4, 1;
    %load/vec4 v0x600003929050_0;
    %parti/s 1, 5, 4;
    %load/vec4 v0x6000039290e0_0;
    %parti/s 1, 5, 4;
    %load/vec4 v0x600003929290_0;
    %parti/s 1, 5, 4;
    %and;
    %or;
    %ix/load 4, 6, 0;
    %flag_set/imm 4, 0;
    %store/vec4 v0x600003929290_0, 4, 1;
    %load/vec4 v0x600003929050_0;
    %parti/s 1, 6, 4;
    %load/vec4 v0x6000039290e0_0;
    %parti/s 1, 6, 4;
    %load/vec4 v0x600003929290_0;
    %parti/s 1, 6, 4;
    %and;
    %or;
    %ix/load 4, 7, 0;
    %flag_set/imm 4, 0;
    %store/vec4 v0x600003929290_0, 4, 1;
    %load/vec4 v0x600003929050_0;
    %parti/s 1, 7, 4;
    %load/vec4 v0x6000039290e0_0;
    %parti/s 1, 7, 4;
    %load/vec4 v0x600003929290_0;
    %parti/s 1, 7, 4;
    %and;
    %or;
    %ix/load 4, 8, 0;
    %flag_set/imm 4, 0;
    %store/vec4 v0x600003929290_0, 4, 1;
    %load/vec4 v0x600003929050_0;
    %parti/s 1, 8, 5;
    %load/vec4 v0x6000039290e0_0;
    %parti/s 1, 8, 5;
    %load/vec4 v0x600003929290_0;
    %parti/s 1, 8, 5;
    %and;
    %or;
    %ix/load 4, 9, 0;
    %flag_set/imm 4, 0;
    %store/vec4 v0x600003929290_0, 4, 1;
    %load/vec4 v0x600003929050_0;
    %parti/s 1, 9, 5;
    %load/vec4 v0x6000039290e0_0;
    %parti/s 1, 9, 5;
    %load/vec4 v0x600003929290_0;
    %parti/s 1, 9, 5;
    %and;
    %or;
    %ix/load 4, 10, 0;
    %flag_set/imm 4, 0;
    %store/vec4 v0x600003929290_0, 4, 1;
    %load/vec4 v0x600003929050_0;
    %parti/s 1, 10, 5;
    %load/vec4 v0x6000039290e0_0;
    %parti/s 1, 10, 5;
    %load/vec4 v0x600003929290_0;
    %parti/s 1, 10, 5;
    %and;
    %or;
    %ix/load 4, 11, 0;
    %flag_set/imm 4, 0;
    %store/vec4 v0x600003929290_0, 4, 1;
    %load/vec4 v0x600003929050_0;
    %parti/s 1, 11, 5;
    %load/vec4 v0x6000039290e0_0;
    %parti/s 1, 11, 5;
    %load/vec4 v0x600003929290_0;
    %parti/s 1, 11, 5;
    %and;
    %or;
    %ix/load 4, 12, 0;
    %flag_set/imm 4, 0;
    %store/vec4 v0x600003929290_0, 4, 1;
    %load/vec4 v0x600003929050_0;
    %parti/s 1, 12, 5;
    %load/vec4 v0x6000039290e0_0;
    %parti/s 1, 12, 5;
    %load/vec4 v0x600003929290_0;
    %parti/s 1, 12, 5;
    %and;
    %or;
    %ix/load 4, 13, 0;
    %flag_set/imm 4, 0;
    %store/vec4 v0x600003929290_0, 4, 1;
    %load/vec4 v0x600003929050_0;
    %parti/s 1, 13, 5;
    %load/vec4 v0x6000039290e0_0;
    %parti/s 1, 13, 5;
    %load/vec4 v0x600003929290_0;
    %parti/s 1, 13, 5;
    %and;
    %or;
    %ix/load 4, 14, 0;
    %flag_set/imm 4, 0;
    %store/vec4 v0x600003929290_0, 4, 1;
    %load/vec4 v0x600003929050_0;
    %parti/s 1, 14, 5;
    %load/vec4 v0x6000039290e0_0;
    %parti/s 1, 14, 5;
    %load/vec4 v0x600003929290_0;
    %parti/s 1, 14, 5;
    %and;
    %or;
    %ix/load 4, 15, 0;
    %flag_set/imm 4, 0;
    %store/vec4 v0x600003929290_0, 4, 1;
    %load/vec4 v0x600003929050_0;
    %parti/s 1, 15, 5;
    %load/vec4 v0x6000039290e0_0;
    %parti/s 1, 15, 5;
    %load/vec4 v0x600003929290_0;
    %parti/s 1, 15, 5;
    %and;
    %or;
    %ix/load 4, 16, 0;
    %flag_set/imm 4, 0;
    %store/vec4 v0x600003929290_0, 4, 1;
    %load/vec4 v0x600003929050_0;
    %parti/s 1, 16, 6;
    %load/vec4 v0x6000039290e0_0;
    %parti/s 1, 16, 6;
    %load/vec4 v0x600003929290_0;
    %parti/s 1, 16, 6;
    %and;
    %or;
    %ix/load 4, 17, 0;
    %flag_set/imm 4, 0;
    %store/vec4 v0x600003929290_0, 4, 1;
    %load/vec4 v0x600003929050_0;
    %parti/s 1, 17, 6;
    %load/vec4 v0x6000039290e0_0;
    %parti/s 1, 17, 6;
    %load/vec4 v0x600003929290_0;
    %parti/s 1, 17, 6;
    %and;
    %or;
    %ix/load 4, 18, 0;
    %flag_set/imm 4, 0;
    %store/vec4 v0x600003929290_0, 4, 1;
    %load/vec4 v0x600003929050_0;
    %parti/s 1, 18, 6;
    %load/vec4 v0x6000039290e0_0;
    %parti/s 1, 18, 6;
    %load/vec4 v0x600003929290_0;
    %parti/s 1, 18, 6;
    %and;
    %or;
    %ix/load 4, 19, 0;
    %flag_set/imm 4, 0;
    %store/vec4 v0x600003929290_0, 4, 1;
    %load/vec4 v0x600003929050_0;
    %parti/s 1, 19, 6;
    %load/vec4 v0x6000039290e0_0;
    %parti/s 1, 19, 6;
    %load/vec4 v0x600003929290_0;
    %parti/s 1, 19, 6;
    %and;
    %or;
    %ix/load 4, 20, 0;
    %flag_set/imm 4, 0;
    %store/vec4 v0x600003929290_0, 4, 1;
    %load/vec4 v0x600003929050_0;
    %parti/s 1, 20, 6;
    %load/vec4 v0x6000039290e0_0;
    %parti/s 1, 20, 6;
    %load/vec4 v0x600003929290_0;
    %parti/s 1, 20, 6;
    %and;
    %or;
    %ix/load 4, 21, 0;
    %flag_set/imm 4, 0;
    %store/vec4 v0x600003929290_0, 4, 1;
    %load/vec4 v0x600003929050_0;
    %parti/s 1, 21, 6;
    %load/vec4 v0x6000039290e0_0;
    %parti/s 1, 21, 6;
    %load/vec4 v0x600003929290_0;
    %parti/s 1, 21, 6;
    %and;
    %or;
    %ix/load 4, 22, 0;
    %flag_set/imm 4, 0;
    %store/vec4 v0x600003929290_0, 4, 1;
    %load/vec4 v0x600003929050_0;
    %parti/s 1, 22, 6;
    %load/vec4 v0x6000039290e0_0;
    %parti/s 1, 22, 6;
    %load/vec4 v0x600003929290_0;
    %parti/s 1, 22, 6;
    %and;
    %or;
    %ix/load 4, 23, 0;
    %flag_set/imm 4, 0;
    %store/vec4 v0x600003929290_0, 4, 1;
    %load/vec4 v0x600003929050_0;
    %parti/s 1, 23, 6;
    %load/vec4 v0x6000039290e0_0;
    %parti/s 1, 23, 6;
    %load/vec4 v0x600003929290_0;
    %parti/s 1, 23, 6;
    %and;
    %or;
    %ix/load 4, 24, 0;
    %flag_set/imm 4, 0;
    %store/vec4 v0x600003929290_0, 4, 1;
    %load/vec4 v0x600003929050_0;
    %parti/s 1, 24, 6;
    %load/vec4 v0x6000039290e0_0;
    %parti/s 1, 24, 6;
    %load/vec4 v0x600003929290_0;
    %parti/s 1, 24, 6;
    %and;
    %or;
    %ix/load 4, 25, 0;
    %flag_set/imm 4, 0;
    %store/vec4 v0x600003929290_0, 4, 1;
    %load/vec4 v0x600003929050_0;
    %parti/s 1, 25, 6;
    %load/vec4 v0x6000039290e0_0;
    %parti/s 1, 25, 6;
    %load/vec4 v0x600003929290_0;
    %parti/s 1, 25, 6;
    %and;
    %or;
    %ix/load 4, 26, 0;
    %flag_set/imm 4, 0;
    %store/vec4 v0x600003929290_0, 4, 1;
    %load/vec4 v0x600003929050_0;
    %parti/s 1, 26, 6;
    %load/vec4 v0x6000039290e0_0;
    %parti/s 1, 26, 6;
    %load/vec4 v0x600003929290_0;
    %parti/s 1, 26, 6;
    %and;
    %or;
    %ix/load 4, 27, 0;
    %flag_set/imm 4, 0;
    %store/vec4 v0x600003929290_0, 4, 1;
    %load/vec4 v0x600003929050_0;
    %parti/s 1, 27, 6;
    %load/vec4 v0x6000039290e0_0;
    %parti/s 1, 27, 6;
    %load/vec4 v0x600003929290_0;
    %parti/s 1, 27, 6;
    %and;
    %or;
    %ix/load 4, 28, 0;
    %flag_set/imm 4, 0;
    %store/vec4 v0x600003929290_0, 4, 1;
    %load/vec4 v0x600003929050_0;
    %parti/s 1, 28, 6;
    %load/vec4 v0x6000039290e0_0;
    %parti/s 1, 28, 6;
    %load/vec4 v0x600003929290_0;
    %parti/s 1, 28, 6;
    %and;
    %or;
    %ix/load 4, 29, 0;
    %flag_set/imm 4, 0;
    %store/vec4 v0x600003929290_0, 4, 1;
    %load/vec4 v0x600003929050_0;
    %parti/s 1, 29, 6;
    %load/vec4 v0x6000039290e0_0;
    %parti/s 1, 29, 6;
    %load/vec4 v0x600003929290_0;
    %parti/s 1, 29, 6;
    %and;
    %or;
    %ix/load 4, 30, 0;
    %flag_set/imm 4, 0;
    %store/vec4 v0x600003929290_0, 4, 1;
    %load/vec4 v0x600003929050_0;
    %parti/s 1, 30, 6;
    %load/vec4 v0x6000039290e0_0;
    %parti/s 1, 30, 6;
    %load/vec4 v0x600003929290_0;
    %parti/s 1, 30, 6;
    %and;
    %or;
    %ix/load 4, 31, 0;
    %flag_set/imm 4, 0;
    %store/vec4 v0x600003929290_0, 4, 1;
    %load/vec4 v0x600003929050_0;
    %parti/s 1, 31, 6;
    %load/vec4 v0x6000039290e0_0;
    %parti/s 1, 31, 6;
    %load/vec4 v0x600003929290_0;
    %parti/s 1, 31, 6;
    %and;
    %or;
    %ix/load 4, 32, 0;
    %flag_set/imm 4, 0;
    %store/vec4 v0x600003929290_0, 4, 1;
    %load/vec4 v0x600003929170_0;
    %load/vec4 v0x600003929200_0;
    %xor;
    %load/vec4 v0x600003929290_0;
    %parti/s 32, 0, 2;
    %xor;
    %store/vec4 v0x600003929560_0, 0, 32;
    %load/vec4 v0x600003929290_0;
    %parti/s 1, 32, 7;
    %store/vec4 v0x600003929440_0, 0, 1;
    %jmp T_43;
    .thread T_43, $push;
    .scope S_0x105007370;
T_44 ;
    %wait E_0x600001e04480;
    %load/vec4 v0x600003929710_0;
    %inv;
    %addi 1, 0, 32;
    %store/vec4 v0x6000039297a0_0, 0, 32;
    %load/vec4 v0x600003929a70_0;
    %store/vec4 v0x600003929950_0, 0, 32;
    %load/vec4 v0x600003929710_0;
    %cmpi/e 0, 0, 32;
    %jmp/0xz  T_44.0, 4;
    %pushi/vec4 1, 0, 1;
    %store/vec4 v0x6000039295f0_0, 0, 1;
    %jmp T_44.1;
T_44.0 ;
    %load/vec4 v0x6000039298c0_0;
    %store/vec4 v0x6000039295f0_0, 0, 1;
T_44.1 ;
    %jmp T_44;
    .thread T_44, $push;
    .scope S_0x105004290;
T_45 ;
    %wait E_0x600001e043c0;
    %load/vec4 v0x600003929e60_0;
    %dup/vec4;
    %pushi/vec4 0, 0, 4;
    %cmp/u;
    %jmp/1 T_45.0, 6;
    %dup/vec4;
    %pushi/vec4 1, 0, 4;
    %cmp/u;
    %jmp/1 T_45.1, 6;
    %dup/vec4;
    %pushi/vec4 2, 0, 4;
    %cmp/u;
    %jmp/1 T_45.2, 6;
    %dup/vec4;
    %pushi/vec4 3, 0, 4;
    %cmp/u;
    %jmp/1 T_45.3, 6;
    %dup/vec4;
    %pushi/vec4 4, 0, 4;
    %cmp/u;
    %jmp/1 T_45.4, 6;
    %dup/vec4;
    %pushi/vec4 5, 0, 4;
    %cmp/u;
    %jmp/1 T_45.5, 6;
    %dup/vec4;
    %pushi/vec4 6, 0, 4;
    %cmp/u;
    %jmp/1 T_45.6, 6;
    %dup/vec4;
    %pushi/vec4 7, 0, 4;
    %cmp/u;
    %jmp/1 T_45.7, 6;
    %dup/vec4;
    %pushi/vec4 8, 0, 4;
    %cmp/u;
    %jmp/1 T_45.8, 6;
    %jmp T_45.9;
T_45.0 ;
    %load/vec4 v0x600003929dd0_0;
    %assign/vec4 v0x60000392a250_0, 0;
    %jmp T_45.9;
T_45.1 ;
    %load/vec4 v0x60000392a520_0;
    %assign/vec4 v0x60000392a250_0, 0;
    %jmp T_45.9;
T_45.2 ;
    %load/vec4 v0x600003929ef0_0;
    %assign/vec4 v0x60000392a250_0, 0;
    %jmp T_45.9;
T_45.3 ;
    %load/vec4 v0x60000392a1c0_0;
    %assign/vec4 v0x60000392a250_0, 0;
    %jmp T_45.9;
T_45.4 ;
    %load/vec4 v0x60000392a5b0_0;
    %assign/vec4 v0x60000392a250_0, 0;
    %jmp T_45.9;
T_45.5 ;
    %load/vec4 v0x60000392a010_0;
    %assign/vec4 v0x60000392a250_0, 0;
    %jmp T_45.9;
T_45.6 ;
    %load/vec4 v0x60000392a2e0_0;
    %assign/vec4 v0x60000392a250_0, 0;
    %jmp T_45.9;
T_45.7 ;
    %load/vec4 v0x60000392a370_0;
    %assign/vec4 v0x60000392a250_0, 0;
    %jmp T_45.9;
T_45.8 ;
    %load/vec4 v0x60000392a400_0;
    %assign/vec4 v0x60000392a250_0, 0;
    %jmp T_45.9;
T_45.9 ;
    %pop/vec4 1;
    %jmp T_45;
    .thread T_45;
    .scope S_0x105028c00;
T_46 ;
    %pushi/vec4 0, 0, 3;
    %store/vec4 v0x600003922910_0, 0, 3;
    %pushi/vec4 0, 0, 32;
    %store/vec4 v0x600003921b00_0, 0, 32;
    %end;
    .thread T_46;
    .scope S_0x105028c00;
T_47 ;
    %wait E_0x600001e043c0;
    %load/vec4 v0x600003922910_0;
    %dup/vec4;
    %pushi/vec4 0, 0, 3;
    %cmp/u;
    %jmp/1 T_47.0, 6;
    %dup/vec4;
    %pushi/vec4 1, 0, 3;
    %cmp/u;
    %jmp/1 T_47.1, 6;
    %dup/vec4;
    %pushi/vec4 2, 0, 3;
    %cmp/u;
    %jmp/1 T_47.2, 6;
    %dup/vec4;
    %pushi/vec4 3, 0, 3;
    %cmp/u;
    %jmp/1 T_47.3, 6;
    %dup/vec4;
    %pushi/vec4 4, 0, 3;
    %cmp/u;
    %jmp/1 T_47.4, 6;
    %jmp T_47.5;
T_47.0 ;
    %pushi/vec4 0, 0, 1;
    %store/vec4 v0x6000039229a0_0, 0, 1;
    %ix/getv 4, v0x600003921b00_0;
    %load/vec4a v0x6000039222e0, 4;
    %store/vec4 v0x600003921560_0, 0, 32;
    %load/vec4 v0x600003921b00_0;
    %addi 1, 0, 32;
    %store/vec4 v0x600003921a70_0, 0, 32;
    %pushi/vec4 1, 0, 3;
    %store/vec4 v0x600003922910_0, 0, 3;
    %jmp T_47.5;
T_47.1 ;
    %load/vec4 v0x600003922490_0;
    %dup/vec4;
    %pushi/vec4 0, 0, 3;
    %cmp/u;
    %jmp/1 T_47.6, 6;
    %dup/vec4;
    %pushi/vec4 1, 0, 3;
    %cmp/u;
    %jmp/1 T_47.7, 6;
    %dup/vec4;
    %pushi/vec4 2, 0, 3;
    %cmp/u;
    %jmp/1 T_47.8, 6;
    %dup/vec4;
    %pushi/vec4 3, 0, 3;
    %cmp/u;
    %jmp/1 T_47.9, 6;
    %dup/vec4;
    %pushi/vec4 4, 0, 3;
    %cmp/u;
    %jmp/1 T_47.10, 6;
    %dup/vec4;
    %pushi/vec4 6, 0, 3;
    %cmp/u;
    %jmp/1 T_47.11, 6;
    %jmp T_47.12;
T_47.6 ;
    %load/vec4 v0x600003921560_0;
    %parti/s 5, 0, 2;
    %store/vec4 v0x6000039221c0_0, 0, 5;
    %load/vec4 v0x600003921560_0;
    %parti/s 4, 25, 6;
    %store/vec4 v0x600003922760_0, 0, 4;
    %load/vec4 v0x600003921560_0;
    %parti/s 4, 21, 6;
    %store/vec4 v0x600003922880_0, 0, 4;
    %load/vec4 v0x600003921560_0;
    %parti/s 4, 17, 6;
    %store/vec4 v0x600003922520_0, 0, 4;
    %load/vec4 v0x600003921560_0;
    %parti/s 16, 5, 4;
    %store/vec4 v0x6000039215f0_0, 0, 16;
    %load/vec4 v0x6000039215f0_0;
    %parti/s 1, 15, 5;
    %pad/u 32;
    %cmpi/e 1, 0, 32;
    %jmp/0xz  T_47.13, 4;
    %pushi/vec4 65535, 0, 16;
    %load/vec4 v0x6000039215f0_0;
    %concat/vec4; draw_concat_vec4
    %store/vec4 v0x600003921710_0, 0, 32;
    %jmp T_47.14;
T_47.13 ;
    %pushi/vec4 0, 0, 16;
    %load/vec4 v0x6000039215f0_0;
    %concat/vec4; draw_concat_vec4
    %store/vec4 v0x600003921710_0, 0, 32;
T_47.14 ;
    %pushi/vec4 1, 0, 1;
    %store/vec4 v0x6000039225b0_0, 0, 1;
    %pushi/vec4 1, 0, 1;
    %store/vec4 v0x600003922640_0, 0, 1;
    %load/vec4 v0x600003922760_0;
    %store/vec4 v0x600003921c20_0, 0, 4;
    %load/vec4 v0x600003922880_0;
    %store/vec4 v0x600003921cb0_0, 0, 4;
    %load/vec4 v0x6000039220a0_0;
    %store/vec4 v0x6000039213b0_0, 0, 32;
    %load/vec4 v0x600003922130_0;
    %store/vec4 v0x6000039214d0_0, 0, 32;
    %pushi/vec4 0, 0, 1;
    %store/vec4 v0x6000039229a0_0, 0, 1;
    %pushi/vec4 0, 0, 4;
    %store/vec4 v0x600003921d40_0, 0, 4;
    %pushi/vec4 0, 0, 1;
    %store/vec4 v0x6000039218c0_0, 0, 1;
    %load/vec4 v0x6000039221c0_0;
    %parti/s 1, 4, 4;
    %store/vec4 v0x6000039219e0_0, 0, 1;
    %load/vec4 v0x6000039221c0_0;
    %parti/s 3, 0, 2;
    %pad/u 4;
    %store/vec4 v0x600003921dd0_0, 0, 4;
    %jmp T_47.12;
T_47.7 ;
    %load/vec4 v0x600003921560_0;
    %parti/s 5, 0, 2;
    %store/vec4 v0x6000039221c0_0, 0, 5;
    %load/vec4 v0x600003921560_0;
    %parti/s 4, 25, 6;
    %store/vec4 v0x600003922760_0, 0, 4;
    %load/vec4 v0x600003921560_0;
    %parti/s 4, 21, 6;
    %store/vec4 v0x600003922880_0, 0, 4;
    %load/vec4 v0x600003921560_0;
    %parti/s 16, 5, 4;
    %store/vec4 v0x6000039215f0_0, 0, 16;
    %load/vec4 v0x6000039215f0_0;
    %parti/s 1, 15, 5;
    %pad/u 32;
    %cmpi/e 1, 0, 32;
    %jmp/0xz  T_47.15, 4;
    %pushi/vec4 65535, 0, 16;
    %load/vec4 v0x6000039215f0_0;
    %concat/vec4; draw_concat_vec4
    %store/vec4 v0x600003921710_0, 0, 32;
    %jmp T_47.16;
T_47.15 ;
    %pushi/vec4 0, 0, 16;
    %load/vec4 v0x6000039215f0_0;
    %concat/vec4; draw_concat_vec4
    %store/vec4 v0x600003921710_0, 0, 32;
T_47.16 ;
    %pushi/vec4 1, 0, 1;
    %store/vec4 v0x6000039225b0_0, 0, 1;
    %pushi/vec4 1, 0, 1;
    %store/vec4 v0x600003922640_0, 0, 1;
    %load/vec4 v0x600003922760_0;
    %store/vec4 v0x600003921c20_0, 0, 4;
    %load/vec4 v0x6000039221c0_0;
    %parti/s 1, 2, 3;
    %pad/u 32;
    %cmpi/e 0, 0, 32;
    %flag_mov 8, 4;
    %jmp/0 T_47.17, 8;
    %load/vec4 v0x6000039220a0_0;
    %jmp/1 T_47.18, 8;
T_47.17 ; End of true expr.
    %load/vec4 v0x600003921b90_0;
    %jmp/0 T_47.18, 8;
 ; End of false expr.
    %blend;
T_47.18;
    %store/vec4 v0x6000039213b0_0, 0, 32;
    %load/vec4 v0x6000039221c0_0;
    %parti/s 1, 2, 3;
    %pad/u 32;
    %cmpi/e 0, 0, 32;
    %flag_mov 8, 4;
    %jmp/0 T_47.19, 8;
    %load/vec4 v0x600003922130_0;
    %jmp/1 T_47.20, 8;
T_47.19 ; End of true expr.
    %load/vec4 v0x600003921b90_0;
    %jmp/0 T_47.20, 8;
 ; End of false expr.
    %blend;
T_47.20;
    %store/vec4 v0x6000039214d0_0, 0, 32;
    %pushi/vec4 0, 0, 1;
    %store/vec4 v0x6000039218c0_0, 0, 1;
    %pushi/vec4 1, 0, 1;
    %store/vec4 v0x6000039219e0_0, 0, 1;
    %pushi/vec4 0, 0, 4;
    %store/vec4 v0x600003921dd0_0, 0, 4;
    %jmp T_47.12;
T_47.8 ;
    %load/vec4 v0x600003921560_0;
    %parti/s 2, 0, 2;
    %store/vec4 v0x600003922250_0, 0, 2;
    %load/vec4 v0x600003921560_0;
    %parti/s 4, 25, 6;
    %store/vec4 v0x600003922760_0, 0, 4;
    %load/vec4 v0x600003921560_0;
    %parti/s 23, 2, 3;
    %store/vec4 v0x600003921680_0, 0, 23;
    %load/vec4 v0x600003921680_0;
    %parti/s 1, 22, 6;
    %pad/u 32;
    %cmpi/e 1, 0, 32;
    %jmp/0xz  T_47.21, 4;
    %pushi/vec4 511, 0, 9;
    %load/vec4 v0x600003921680_0;
    %concat/vec4; draw_concat_vec4
    %store/vec4 v0x600003921710_0, 0, 32;
    %jmp T_47.22;
T_47.21 ;
    %pushi/vec4 0, 0, 9;
    %load/vec4 v0x600003921680_0;
    %concat/vec4; draw_concat_vec4
    %store/vec4 v0x600003921710_0, 0, 32;
T_47.22 ;
    %pushi/vec4 1, 0, 1;
    %store/vec4 v0x6000039225b0_0, 0, 1;
    %load/vec4 v0x600003922760_0;
    %store/vec4 v0x600003921c20_0, 0, 4;
    %load/vec4 v0x6000039220a0_0;
    %store/vec4 v0x6000039213b0_0, 0, 32;
    %pushi/vec4 1, 0, 1;
    %store/vec4 v0x6000039218c0_0, 0, 1;
    %pushi/vec4 1, 0, 1;
    %store/vec4 v0x6000039219e0_0, 0, 1;
    %pushi/vec4 0, 0, 4;
    %store/vec4 v0x600003921dd0_0, 0, 4;
    %jmp T_47.12;
T_47.9 ;
    %jmp T_47.12;
T_47.10 ;
    %load/vec4 v0x600003921560_0;
    %parti/s 4, 25, 6;
    %store/vec4 v0x600003922760_0, 0, 4;
    %load/vec4 v0x600003921560_0;
    %parti/s 4, 21, 6;
    %store/vec4 v0x600003922880_0, 0, 4;
    %pushi/vec4 0, 0, 32;
    %store/vec4 v0x600003921710_0, 0, 32;
    %pushi/vec4 1, 0, 1;
    %store/vec4 v0x6000039225b0_0, 0, 1;
    %load/vec4 v0x600003922760_0;
    %store/vec4 v0x600003921c20_0, 0, 4;
    %load/vec4 v0x6000039220a0_0;
    %store/vec4 v0x6000039213b0_0, 0, 32;
    %pushi/vec4 0, 0, 4;
    %store/vec4 v0x600003921dd0_0, 0, 4;
    %pushi/vec4 0, 0, 1;
    %store/vec4 v0x6000039218c0_0, 0, 1;
    %pushi/vec4 1, 0, 1;
    %store/vec4 v0x6000039219e0_0, 0, 1;
    %jmp T_47.12;
T_47.11 ;
    %load/vec4 v0x600003921560_0;
    %parti/s 5, 0, 2;
    %store/vec4 v0x6000039221c0_0, 0, 5;
    %load/vec4 v0x600003921560_0;
    %parti/s 16, 5, 4;
    %store/vec4 v0x6000039215f0_0, 0, 16;
    %load/vec4 v0x6000039215f0_0;
    %parti/s 1, 15, 5;
    %pad/u 32;
    %cmpi/e 1, 0, 32;
    %jmp/0xz  T_47.23, 4;
    %pushi/vec4 65535, 0, 16;
    %load/vec4 v0x6000039215f0_0;
    %concat/vec4; draw_concat_vec4
    %store/vec4 v0x600003921710_0, 0, 32;
    %jmp T_47.24;
T_47.23 ;
    %pushi/vec4 0, 0, 16;
    %load/vec4 v0x6000039215f0_0;
    %concat/vec4; draw_concat_vec4
    %store/vec4 v0x600003921710_0, 0, 32;
T_47.24 ;
    %load/vec4 v0x600003921b90_0;
    %store/vec4 v0x6000039213b0_0, 0, 32;
    %pushi/vec4 0, 0, 1;
    %store/vec4 v0x6000039218c0_0, 0, 1;
    %pushi/vec4 1, 0, 1;
    %store/vec4 v0x6000039219e0_0, 0, 1;
    %load/vec4 v0x6000039221c0_0;
    %parti/s 4, 0, 2;
    %store/vec4 v0x600003921dd0_0, 0, 4;
    %jmp T_47.12;
T_47.12 ;
    %pop/vec4 1;
    %pushi/vec4 2, 0, 3;
    %store/vec4 v0x600003922910_0, 0, 3;
    %jmp T_47.5;
T_47.2 ;
    %pushi/vec4 0, 0, 1;
    %store/vec4 v0x6000039225b0_0, 0, 1;
    %pushi/vec4 0, 0, 1;
    %store/vec4 v0x600003922640_0, 0, 1;
    %load/vec4 v0x600003922490_0;
    %dup/vec4;
    %pushi/vec4 0, 0, 3;
    %cmp/u;
    %jmp/1 T_47.25, 6;
    %dup/vec4;
    %pushi/vec4 1, 0, 3;
    %cmp/u;
    %jmp/1 T_47.26, 6;
    %dup/vec4;
    %pushi/vec4 2, 0, 3;
    %cmp/u;
    %jmp/1 T_47.27, 6;
    %dup/vec4;
    %pushi/vec4 3, 0, 3;
    %cmp/u;
    %jmp/1 T_47.28, 6;
    %dup/vec4;
    %pushi/vec4 4, 0, 3;
    %cmp/u;
    %jmp/1 T_47.29, 6;
    %dup/vec4;
    %pushi/vec4 6, 0, 3;
    %cmp/u;
    %jmp/1 T_47.30, 6;
    %jmp T_47.31;
T_47.25 ;
    %load/vec4 v0x6000039226d0_0;
    %store/vec4 v0x600003921440_0, 0, 32;
    %jmp T_47.31;
T_47.26 ;
    %load/vec4 v0x6000039226d0_0;
    %store/vec4 v0x600003921440_0, 0, 32;
    %jmp T_47.31;
T_47.27 ;
    %load/vec4 v0x6000039226d0_0;
    %store/vec4 v0x600003921440_0, 0, 32;
    %load/vec4 v0x600003922250_0;
    %store/vec4 v0x600003921ef0_0, 0, 2;
    %jmp T_47.31;
T_47.28 ;
    %jmp T_47.31;
T_47.29 ;
    %load/vec4 v0x6000039226d0_0;
    %store/vec4 v0x600003921440_0, 0, 32;
    %jmp T_47.31;
T_47.30 ;
    %load/vec4 v0x6000039226d0_0;
    %store/vec4 v0x600003921440_0, 0, 32;
    %jmp T_47.31;
T_47.31 ;
    %pop/vec4 1;
    %pushi/vec4 3, 0, 3;
    %store/vec4 v0x600003922910_0, 0, 3;
    %jmp T_47.5;
T_47.3 ;
    %load/vec4 v0x600003922490_0;
    %dup/vec4;
    %pushi/vec4 0, 0, 3;
    %cmp/u;
    %jmp/1 T_47.32, 6;
    %dup/vec4;
    %pushi/vec4 1, 0, 3;
    %cmp/u;
    %jmp/1 T_47.33, 6;
    %dup/vec4;
    %pushi/vec4 2, 0, 3;
    %cmp/u;
    %jmp/1 T_47.34, 6;
    %dup/vec4;
    %pushi/vec4 3, 0, 3;
    %cmp/u;
    %jmp/1 T_47.35, 6;
    %dup/vec4;
    %pushi/vec4 4, 0, 3;
    %cmp/u;
    %jmp/1 T_47.36, 6;
    %dup/vec4;
    %pushi/vec4 6, 0, 3;
    %cmp/u;
    %jmp/1 T_47.37, 6;
    %jmp T_47.38;
T_47.32 ;
    %load/vec4 v0x600003921a70_0;
    %store/vec4 v0x600003921b00_0, 0, 32;
    %jmp T_47.38;
T_47.33 ;
    %load/vec4 v0x6000039221c0_0;
    %parti/s 2, 0, 2;
    %dup/vec4;
    %pushi/vec4 0, 0, 2;
    %cmp/u;
    %jmp/1 T_47.39, 6;
    %dup/vec4;
    %pushi/vec4 1, 0, 2;
    %cmp/u;
    %jmp/1 T_47.40, 6;
    %dup/vec4;
    %pushi/vec4 2, 0, 2;
    %cmp/u;
    %jmp/1 T_47.41, 6;
    %dup/vec4;
    %pushi/vec4 3, 0, 2;
    %cmp/u;
    %jmp/1 T_47.42, 6;
    %jmp T_47.43;
T_47.39 ;
    %ix/getv 4, v0x600003921440_0;
    %load/vec4a v0x6000039222e0, 4;
    %store/vec4 v0x6000039217a0_0, 0, 32;
    %jmp T_47.43;
T_47.40 ;
    %load/vec4 v0x6000039214d0_0;
    %ix/getv 4, v0x600003921440_0;
    %store/vec4a v0x6000039222e0, 4, 0;
    %jmp T_47.43;
T_47.41 ;
    %ix/getv 4, v0x600003921440_0;
    %load/vec4a v0x6000039222e0, 4;
    %store/vec4 v0x6000039217a0_0, 0, 32;
    %jmp T_47.43;
T_47.42 ;
    %load/vec4 v0x6000039214d0_0;
    %ix/getv 4, v0x600003921440_0;
    %store/vec4a v0x6000039222e0, 4, 0;
    %jmp T_47.43;
T_47.43 ;
    %pop/vec4 1;
    %load/vec4 v0x600003921a70_0;
    %store/vec4 v0x600003921b00_0, 0, 32;
    %jmp T_47.38;
T_47.34 ;
    %load/vec4 v0x600003921f80_0;
    %flag_set/vec4 8;
    %jmp/0xz  T_47.44, 8;
    %load/vec4 v0x600003921440_0;
    %store/vec4 v0x600003921b00_0, 0, 32;
    %jmp T_47.45;
T_47.44 ;
    %load/vec4 v0x600003921a70_0;
    %store/vec4 v0x600003921b00_0, 0, 32;
T_47.45 ;
    %jmp T_47.38;
T_47.35 ;
    %jmp T_47.38;
T_47.36 ;
    %load/vec4 v0x600003921a70_0;
    %store/vec4 v0x600003921b00_0, 0, 32;
    %jmp T_47.38;
T_47.37 ;
    %load/vec4 v0x600003921a70_0;
    %store/vec4 v0x600003921b00_0, 0, 32;
    %jmp T_47.38;
T_47.38 ;
    %pop/vec4 1;
    %pushi/vec4 4, 0, 3;
    %store/vec4 v0x600003922910_0, 0, 3;
    %jmp T_47.5;
T_47.4 ;
    %load/vec4 v0x600003922490_0;
    %dup/vec4;
    %pushi/vec4 0, 0, 3;
    %cmp/u;
    %jmp/1 T_47.46, 6;
    %dup/vec4;
    %pushi/vec4 1, 0, 3;
    %cmp/u;
    %jmp/1 T_47.47, 6;
    %dup/vec4;
    %pushi/vec4 4, 0, 3;
    %cmp/u;
    %jmp/1 T_47.48, 6;
    %dup/vec4;
    %pushi/vec4 6, 0, 3;
    %cmp/u;
    %jmp/1 T_47.49, 6;
    %jmp T_47.50;
T_47.46 ;
    %pushi/vec4 1, 0, 1;
    %store/vec4 v0x6000039229a0_0, 0, 1;
    %load/vec4 v0x6000039221c0_0;
    %parti/s 1, 4, 4;
    %flag_set/vec4 8;
    %jmp/0 T_47.51, 8;
    %load/vec4 v0x600003922880_0;
    %jmp/1 T_47.52, 8;
T_47.51 ; End of true expr.
    %load/vec4 v0x600003922520_0;
    %jmp/0 T_47.52, 8;
 ; End of false expr.
    %blend;
T_47.52;
    %store/vec4 v0x600003921d40_0, 0, 4;
    %load/vec4 v0x600003921440_0;
    %store/vec4 v0x600003922010_0, 0, 32;
    %jmp T_47.50;
T_47.47 ;
    %load/vec4 v0x6000039221c0_0;
    %parti/s 2, 0, 2;
    %dup/vec4;
    %pushi/vec4 0, 0, 2;
    %cmp/u;
    %jmp/1 T_47.53, 6;
    %dup/vec4;
    %pushi/vec4 2, 0, 2;
    %cmp/u;
    %jmp/1 T_47.54, 6;
    %jmp T_47.55;
T_47.53 ;
    %pushi/vec4 1, 0, 1;
    %store/vec4 v0x6000039229a0_0, 0, 1;
    %load/vec4 v0x600003922880_0;
    %store/vec4 v0x600003921d40_0, 0, 4;
    %load/vec4 v0x6000039217a0_0;
    %store/vec4 v0x600003922010_0, 0, 32;
    %jmp T_47.55;
T_47.54 ;
    %pushi/vec4 1, 0, 1;
    %store/vec4 v0x6000039229a0_0, 0, 1;
    %load/vec4 v0x600003922880_0;
    %store/vec4 v0x600003921d40_0, 0, 4;
    %load/vec4 v0x6000039217a0_0;
    %store/vec4 v0x600003922010_0, 0, 32;
    %jmp T_47.55;
T_47.55 ;
    %pop/vec4 1;
    %jmp T_47.50;
T_47.48 ;
    %pushi/vec4 1, 0, 1;
    %store/vec4 v0x6000039229a0_0, 0, 1;
    %load/vec4 v0x600003922880_0;
    %store/vec4 v0x600003921d40_0, 0, 4;
    %load/vec4 v0x600003921440_0;
    %store/vec4 v0x600003922010_0, 0, 32;
    %jmp T_47.50;
T_47.49 ;
    %load/vec4 v0x600003921440_0;
    %store/vec4 v0x600003921b90_0, 0, 32;
    %jmp T_47.50;
T_47.50 ;
    %pop/vec4 1;
    %pushi/vec4 0, 0, 3;
    %store/vec4 v0x600003922910_0, 0, 3;
    %jmp T_47.5;
T_47.5 ;
    %pop/vec4 1;
    %jmp T_47;
    .thread T_47;
# The file index is used to find the file name in the following table.
:file_names 15;
    "N/A";
    "<interactive>";
    "main.v";
    "./ALU_TOP_LEVEL.v";
    "./ADDER.v";
    "./AND.v";
    "./NOT.v";
    "./OR.v";
    "./SLA.v";
    "./SRA.v";
    "./SRL.v";
    "./SUBTRACTOR.v";
    "./XOR.v";
    "./datapath_modules.v";
    "./register_bank.v";
